<?xml version="1.0" encoding="UTF-8"?>
<!-- Generated by org.testng.reporters.JUnitXMLReporter -->
<testsuite ignored="2" hostname="LAPTOP-N67953PD" failures="0" tests="99" name="Surefire test" time="20.252" errors="0" timestamp="2025-08-02T15:02:36 IST">
  <testcase classname="practice.elementsTests.ButtonTest" name="@BeforeTest launch" time="-1.754127156638E9">
    <failure type="org.testng.TestNGException" message="
Parameter &amp;apos;browser&amp;apos; is required by BeforeTest on method launch but has not been marked @Optional or defined
">
      <![CDATA[org.testng.TestNGException: 
Parameter 'browser' is required by BeforeTest on method launch but has not been marked @Optional or defined

... Removed 26 stack frames]]>
    </failure>
  </testcase> <!-- @BeforeTest launch -->
  <testcase classname="practice.elementsTests.CheckBoxTest" name="@BeforeTest launch" time="0.0">
    <skipped/>
  </testcase> <!-- @BeforeTest launch -->
  <testcase classname="practice.elementsTests.LinksTest" name="@BeforeTest launch" time="0.0">
    <skipped/>
  </testcase> <!-- @BeforeTest launch -->
  <testcase classname="practice.elementsTests.LoginTest" name="@BeforeTest launch" time="0.0">
    <skipped/>
  </testcase> <!-- @BeforeTest launch -->
  <testcase classname="practice.elementsTests.RadioButtonTest" name="@BeforeTest launch" time="0.0">
    <skipped/>
  </testcase> <!-- @BeforeTest launch -->
  <testcase classname="practice.elementsTests.TextBoxTest" name="@BeforeTest launch" time="0.0">
    <skipped/>
  </testcase> <!-- @BeforeTest launch -->
  <testcase classname="practice.elementsTests.UploadAndDownloadTest" name="@BeforeTest launch" time="0.0">
    <skipped/>
  </testcase> <!-- @BeforeTest launch -->
  <testcase classname="practice.elementsTests.WebTableTest" name="@BeforeTest launch" time="0.0">
    <skipped/>
  </testcase> <!-- @BeforeTest launch -->
  <testcase classname="practice.widgetsTests.MenuTest" name="@BeforeTest launch" time="0.0">
    <skipped/>
  </testcase> <!-- @BeforeTest launch -->
  <testcase classname="practice.widgetsTests.SelectMenuTest" name="@BeforeTest launch" time="0.0">
    <skipped/>
  </testcase> <!-- @BeforeTest launch -->
  <testcase classname="practice.widgetsTests.SliderTest" name="@BeforeTest launch" time="0.0">
    <skipped/>
  </testcase> <!-- @BeforeTest launch -->
  <testcase classname="practice.alertsFrameAndWindowsTests.AlertsTest" name="clickOnClose" time="0.0">
    <skipped/>
  </testcase> <!-- clickOnClose -->
  <testcase classname="practice.alertsFrameAndWindowsTests.AlertsTest" name="clickOnPractice" time="0.0">
    <skipped/>
  </testcase> <!-- clickOnPractice -->
  <testcase classname="practice.alertsFrameAndWindowsTests.AlertsTest" name="clickOnAlertsFrameAndWindows" time="0.0">
    <skipped/>
  </testcase> <!-- clickOnAlertsFrameAndWindows -->
  <testcase classname="practice.alertsFrameAndWindowsTests.AlertsTest" name="clickOnAlerts" time="0.0">
    <skipped/>
  </testcase> <!-- clickOnAlerts -->
  <testcase classname="practice.alertsFrameAndWindowsTests.AlertsTest" name="clickOnSeeAlertAndAcceptButton" time="0.0">
    <skipped/>
  </testcase> <!-- clickOnSeeAlertAndAcceptButton -->
  <testcase classname="practice.alertsFrameAndWindowsTests.AlertsTest" name="clickOnWaitAlertAndAcceptButton" time="0.0">
    <skipped/>
  </testcase> <!-- clickOnWaitAlertAndAcceptButton -->
  <testcase classname="practice.alertsFrameAndWindowsTests.AlertsTest" name="clickOnAlertAndAcceptButton" time="0.0">
    <skipped/>
  </testcase> <!-- clickOnAlertAndAcceptButton -->
  <testcase classname="practice.alertsFrameAndWindowsTests.AlertsTest" name="clickOnAlertAndCancelButton" time="0.0">
    <skipped/>
  </testcase> <!-- clickOnAlertAndCancelButton -->
  <testcase classname="practice.alertsFrameAndWindowsTests.AlertsTest" name="clickOnPromptInputAndAccept" time="0.0">
    <skipped/>
  </testcase> <!-- clickOnPromptInputAndAccept -->
  <testcase classname="practice.alertsFrameAndWindowsTests.AlertsTest" name="clickOnPromptAndCancel" time="0.0">
    <skipped/>
  </testcase> <!-- clickOnPromptAndCancel -->
  <testcase classname="practice.alertsFrameAndWindowsTests.BrowserWindowsTest" name="clickOnClose" time="0.0">
    <skipped/>
  </testcase> <!-- clickOnClose -->
  <testcase classname="practice.alertsFrameAndWindowsTests.BrowserWindowsTest" name="clickOnPractice" time="0.0">
    <skipped/>
  </testcase> <!-- clickOnPractice -->
  <testcase classname="practice.alertsFrameAndWindowsTests.BrowserWindowsTest" name="clickOnAlertsFrameAndWindows" time="0.0">
    <skipped/>
  </testcase> <!-- clickOnAlertsFrameAndWindows -->
  <testcase classname="practice.alertsFrameAndWindowsTests.BrowserWindowsTest" name="clickOnAlerts" time="0.0">
    <skipped/>
  </testcase> <!-- clickOnAlerts -->
  <testcase classname="practice.alertsFrameAndWindowsTests.BrowserWindowsTest" name="clickOnNewTabButton" time="0.0">
    <skipped/>
  </testcase> <!-- clickOnNewTabButton -->
  <testcase classname="practice.alertsFrameAndWindowsTests.BrowserWindowsTest" name="clickOnNewWindowButton" time="0.0">
    <skipped/>
  </testcase> <!-- clickOnNewWindowButton -->
  <testcase classname="practice.alertsFrameAndWindowsTests.BrowserWindowsTest" name="clickOnNewWindowMessageButton" time="0.0">
    <skipped/>
  </testcase> <!-- clickOnNewWindowMessageButton -->
  <testcase classname="practice.alertsFrameAndWindowsTests.FramesTest" name="clickOnClose" time="0.0">
    <skipped/>
  </testcase> <!-- clickOnClose -->
  <testcase classname="practice.alertsFrameAndWindowsTests.FramesTest" name="clickOnPractice" time="0.0">
    <skipped/>
  </testcase> <!-- clickOnPractice -->
  <testcase classname="practice.alertsFrameAndWindowsTests.FramesTest" name="clickOnAlertsFrameAndWindows" time="0.0">
    <skipped/>
  </testcase> <!-- clickOnAlertsFrameAndWindows -->
  <testcase classname="practice.alertsFrameAndWindowsTests.FramesTest" name="clickOnAlerts" time="0.001">
    <skipped/>
  </testcase> <!-- clickOnAlerts -->
  <testcase classname="practice.alertsFrameAndWindowsTests.FramesTest" name="enterInFrame1" time="0.0">
    <skipped/>
  </testcase> <!-- enterInFrame1 -->
  <testcase classname="practice.alertsFrameAndWindowsTests.FramesTest" name="enterInFrame2" time="0.0">
    <skipped/>
  </testcase> <!-- enterInFrame2 -->
  <testcase classname="practice.alertsFrameAndWindowsTests.ModalDialogsTest" name="clickOnClose" time="0.0">
    <skipped/>
  </testcase> <!-- clickOnClose -->
  <testcase classname="practice.alertsFrameAndWindowsTests.ModalDialogsTest" name="clickOnPractice" time="0.0">
    <skipped/>
  </testcase> <!-- clickOnPractice -->
  <testcase classname="practice.alertsFrameAndWindowsTests.ModalDialogsTest" name="clickOnAlertsFrameAndWindows" time="0.0">
    <skipped/>
  </testcase> <!-- clickOnAlertsFrameAndWindows -->
  <testcase classname="practice.alertsFrameAndWindowsTests.ModalDialogsTest" name="clickOnModalDialogs" time="0.0">
    <skipped/>
  </testcase> <!-- clickOnModalDialogs -->
  <testcase classname="practice.alertsFrameAndWindowsTests.ModalDialogsTest" name="smallDialogModal" time="0.0">
    <skipped/>
  </testcase> <!-- smallDialogModal -->
  <testcase classname="practice.alertsFrameAndWindowsTests.ModalDialogsTest" name="largeDialogModal" time="0.0">
    <skipped/>
  </testcase> <!-- largeDialogModal -->
  <testcase classname="practice.alertsFrameAndWindowsTests.NestedFramesTest" name="clickOnClose" time="0.0">
    <skipped/>
  </testcase> <!-- clickOnClose -->
  <testcase classname="practice.alertsFrameAndWindowsTests.NestedFramesTest" name="clickOnPractice" time="0.0">
    <skipped/>
  </testcase> <!-- clickOnPractice -->
  <testcase classname="practice.alertsFrameAndWindowsTests.NestedFramesTest" name="clickOnAlertsFrameAndWindows" time="0.0">
    <skipped/>
  </testcase> <!-- clickOnAlertsFrameAndWindows -->
  <testcase classname="practice.alertsFrameAndWindowsTests.NestedFramesTest" name="clickOnNestedFrames" time="0.0">
    <skipped/>
  </testcase> <!-- clickOnNestedFrames -->
  <testcase classname="practice.alertsFrameAndWindowsTests.NestedFramesTest" name="getInnerFrameText" time="0.0">
    <skipped/>
  </testcase> <!-- getInnerFrameText -->
  <testcase classname="practice.elementsTests.ButtonTest" name="clickOnClose" time="0.0">
    <skipped/>
  </testcase> <!-- clickOnClose -->
  <testcase classname="practice.elementsTests.ButtonTest" name="clickOnPractice" time="0.0">
    <skipped/>
  </testcase> <!-- clickOnPractice -->
  <testcase classname="practice.elementsTests.ButtonTest" name="clickOnElements" time="0.0">
    <skipped/>
  </testcase> <!-- clickOnElements -->
  <testcase classname="practice.elementsTests.ButtonTest" name="clickOnButtons" time="0.0">
    <skipped/>
  </testcase> <!-- clickOnButtons -->
  <testcase classname="practice.elementsTests.ButtonTest" name="clickOnDoubleClickButton" time="0.0">
    <skipped/>
  </testcase> <!-- clickOnDoubleClickButton -->
  <testcase classname="practice.elementsTests.ButtonTest" name="clickOnRightClickButton" time="0.0">
    <skipped/>
  </testcase> <!-- clickOnRightClickButton -->
  <testcase classname="practice.elementsTests.ButtonTest" name="clickOnSingleClickButton" time="0.0">
    <skipped/>
  </testcase> <!-- clickOnSingleClickButton -->
  <testcase classname="practice.elementsTests.CheckBoxTest" name="clickOnClose" time="0.0">
    <skipped/>
  </testcase> <!-- clickOnClose -->
  <testcase classname="practice.elementsTests.CheckBoxTest" name="clickOnPractice" time="0.0">
    <skipped/>
  </testcase> <!-- clickOnPractice -->
  <testcase classname="practice.elementsTests.CheckBoxTest" name="clickOnElements" time="0.0">
    <skipped/>
  </testcase> <!-- clickOnElements -->
  <testcase classname="practice.elementsTests.CheckBoxTest" name="clickCheckBox" time="0.0">
    <skipped/>
  </testcase> <!-- clickCheckBox -->
  <testcase classname="practice.elementsTests.CheckBoxTest" name="clickMobileCheckBox" time="0.0">
    <skipped/>
  </testcase> <!-- clickMobileCheckBox -->
  <testcase classname="practice.elementsTests.CheckBoxTest" name="clickLaptopCheckBox" time="0.0">
    <skipped/>
  </testcase> <!-- clickLaptopCheckBox -->
  <testcase classname="practice.elementsTests.CheckBoxTest" name="clickDesktopCheckBox" time="0.0">
    <skipped/>
  </testcase> <!-- clickDesktopCheckBox -->
  <testcase classname="practice.elementsTests.LinksTest" name="clickOnClose" time="0.0">
    <skipped/>
  </testcase> <!-- clickOnClose -->
  <testcase classname="practice.elementsTests.LinksTest" name="clickOnPractice" time="0.0">
    <skipped/>
  </testcase> <!-- clickOnPractice -->
  <testcase classname="practice.elementsTests.LinksTest" name="clickOnElements" time="0.0">
    <skipped/>
  </testcase> <!-- clickOnElements -->
  <testcase classname="practice.elementsTests.LinksTest" name="clickOnLinksButton" time="0.0">
    <skipped/>
  </testcase> <!-- clickOnLinksButton -->
  <testcase classname="practice.elementsTests.LinksTest" name="clickOnDemoPageLink" time="0.0">
    <skipped/>
  </testcase> <!-- clickOnDemoPageLink -->
  <testcase classname="practice.elementsTests.LinksTest" name="validateOpenTabsTitle" time="0.0">
    <skipped/>
  </testcase> <!-- validateOpenTabsTitle -->
  <testcase classname="practice.elementsTests.LoginTest" name="userLogin" time="0.0">
    <skipped/>
  </testcase> <!-- userLogin -->
  <testcase classname="practice.elementsTests.LoginTest" name="userLogin" time="0.0">
    <skipped/>
  </testcase> <!-- userLogin -->
  <testcase classname="practice.elementsTests.LoginTest" name="userLogin" time="0.0">
    <skipped/>
  </testcase> <!-- userLogin -->
  <testcase classname="practice.elementsTests.RadioButtonTest" name="clickOnClose" time="0.0">
    <skipped/>
  </testcase> <!-- clickOnClose -->
  <testcase classname="practice.elementsTests.RadioButtonTest" name="clickOnPractice" time="0.0">
    <skipped/>
  </testcase> <!-- clickOnPractice -->
  <testcase classname="practice.elementsTests.RadioButtonTest" name="clickOnElements" time="0.0">
    <skipped/>
  </testcase> <!-- clickOnElements -->
  <testcase classname="practice.elementsTests.RadioButtonTest" name="clickOnRadioButtons" time="0.0">
    <skipped/>
  </testcase> <!-- clickOnRadioButtons -->
  <testcase classname="practice.elementsTests.RadioButtonTest" name="clickOnYesRadioButton" time="0.0">
    <skipped/>
  </testcase> <!-- clickOnYesRadioButton -->
  <testcase classname="practice.elementsTests.RadioButtonTest" name="clickOnImpressiveRadioButton" time="0.001">
    <skipped/>
  </testcase> <!-- clickOnImpressiveRadioButton -->
  <testcase classname="practice.elementsTests.RadioButtonTest" name="clickOnNoRadioButton" time="0.0">
    <skipped/>
  </testcase> <!-- clickOnNoRadioButton -->
  <testcase classname="practice.elementsTests.TextBoxTest" name="clickOnClose" time="0.0">
    <skipped/>
  </testcase> <!-- clickOnClose -->
  <testcase classname="practice.elementsTests.TextBoxTest" name="clickOnPractice" time="0.0">
    <skipped/>
  </testcase> <!-- clickOnPractice -->
  <testcase classname="practice.elementsTests.TextBoxTest" name="clickOnElements" time="0.0">
    <skipped/>
  </testcase> <!-- clickOnElements -->
  <testcase classname="practice.elementsTests.TextBoxTest" name="clickOnTextBox" time="0.0">
    <skipped/>
  </testcase> <!-- clickOnTextBox -->
  <testcase classname="practice.elementsTests.TextBoxTest" name="formFillUp" time="0.0">
    <skipped/>
  </testcase> <!-- formFillUp -->
  <testcase classname="practice.elementsTests.UploadAndDownloadTest" name="clickOnClose" time="0.0">
    <skipped/>
  </testcase> <!-- clickOnClose -->
  <testcase classname="practice.elementsTests.UploadAndDownloadTest" name="clickOnPractice" time="0.0">
    <skipped/>
  </testcase> <!-- clickOnPractice -->
  <testcase classname="practice.elementsTests.UploadAndDownloadTest" name="clickOnElements" time="0.0">
    <skipped/>
  </testcase> <!-- clickOnElements -->
  <testcase classname="practice.elementsTests.UploadAndDownloadTest" name="clickOnUploadAndDownloadButton" time="0.0">
    <skipped/>
  </testcase> <!-- clickOnUploadAndDownloadButton -->
  <testcase classname="practice.elementsTests.UploadAndDownloadTest" name="performUpload" time="0.0">
    <skipped/>
  </testcase> <!-- performUpload -->
  <testcase classname="practice.elementsTests.WebTableTest" name="clickOnClose" time="0.0">
    <skipped/>
  </testcase> <!-- clickOnClose -->
  <testcase classname="practice.elementsTests.WebTableTest" name="clickOnPractice" time="0.0">
    <skipped/>
  </testcase> <!-- clickOnPractice -->
  <testcase classname="practice.elementsTests.WebTableTest" name="clickOnElements" time="0.0">
    <skipped/>
  </testcase> <!-- clickOnElements -->
  <testcase classname="practice.elementsTests.WebTableTest" name="clickOnWebTable" time="0.0">
    <skipped/>
  </testcase> <!-- clickOnWebTable -->
  <testcase classname="practice.elementsTests.WebTableTest" name="enterDataInWebTable" time="0.0">
    <skipped/>
  </testcase> <!-- enterDataInWebTable -->
  <testcase classname="practice.elementsTests.WebTableTest" name="clickOnEdit" time="0.0">
    <skipped/>
  </testcase> <!-- clickOnEdit -->
  <testcase classname="practice.elementsTests.WebTableTest" name="clicOnCancel" time="0.0">
    <skipped/>
  </testcase> <!-- clicOnCancel -->
  <testcase classname="practice.widgetsTests.MenuTest" name="clickOnClose" time="0.0">
    <skipped/>
  </testcase> <!-- clickOnClose -->
  <testcase classname="practice.widgetsTests.MenuTest" name="clickOnPractice" time="0.0">
    <skipped/>
  </testcase> <!-- clickOnPractice -->
  <testcase classname="practice.widgetsTests.MenuTest" name="clickOnWidgets" time="0.0">
    <skipped/>
  </testcase> <!-- clickOnWidgets -->
  <testcase classname="practice.widgetsTests.MenuTest" name="clickOnMenu" time="0.0">
    <skipped/>
  </testcase> <!-- clickOnMenu -->
  <testcase classname="practice.widgetsTests.MenuTest" name="chooseServicesUITest" time="0.0">
    <skipped/>
  </testcase> <!-- chooseServicesUITest -->
  <testcase classname="practice.widgetsTests.SelectMenuTest" name="clickOnClose" time="0.0">
    <skipped/>
  </testcase> <!-- clickOnClose -->
  <testcase classname="practice.widgetsTests.SelectMenuTest" name="clickOnPractice" time="0.0">
    <skipped/>
  </testcase> <!-- clickOnPractice -->
  <testcase classname="practice.widgetsTests.SelectMenuTest" name="clickOnWidgets" time="0.0">
    <skipped/>
  </testcase> <!-- clickOnWidgets -->
  <testcase classname="practice.widgetsTests.SelectMenuTest" name="clickOnSelectMenu" time="0.0">
    <skipped/>
  </testcase> <!-- clickOnSelectMenu -->
  <testcase classname="practice.widgetsTests.SelectMenuTest" name="chooseSelectValueOptions" time="0.0">
    <skipped/>
  </testcase> <!-- chooseSelectValueOptions -->
  <testcase classname="practice.widgetsTests.SelectMenuTest" name="chooseSelectOneOption" time="0.0">
    <skipped/>
  </testcase> <!-- chooseSelectOneOption -->
  <testcase classname="practice.widgetsTests.SelectMenuTest" name="chooseMultipleOptions" time="0.0">
    <skipped/>
  </testcase> <!-- chooseMultipleOptions -->
  <testcase classname="practice.widgetsTests.SliderTest" name="clickOnClose" time="0.0">
    <skipped/>
  </testcase> <!-- clickOnClose -->
  <testcase classname="practice.widgetsTests.SliderTest" name="clickOnPractice" time="0.0">
    <skipped/>
  </testcase> <!-- clickOnPractice -->
  <testcase classname="practice.widgetsTests.SliderTest" name="clickOnWidgets" time="0.0">
    <skipped/>
  </testcase> <!-- clickOnWidgets -->
  <testcase classname="practice.widgetsTests.SliderTest" name="clickOnSlider" time="0.0">
    <skipped/>
  </testcase> <!-- clickOnSlider -->
  <testcase classname="practice.widgetsTests.SliderTest" name="slidePointer" time="0.0">
    <skipped/>
  </testcase> <!-- slidePointer -->
  <testcase classname="practice.widgetsTests.SliderTest" name="colorSlide" time="0.0">
    <skipped/>
  </testcase> <!-- colorSlide -->
  <testcase classname="practice.elementsTests.UploadAndDownloadTest" name="clickOnChooseButton" time="0.0">
    <ignored/>
  </testcase> <!-- clickOnChooseButton -->
  <testcase classname="practice.elementsTests.WebTableTest" name="validateWebTableData" time="0.0">
    <ignored/>
  </testcase> <!-- validateWebTableData -->
</testsuite> <!-- Surefire test -->
