<?xml version="1.0" encoding="UTF-8"?>
<!-- Generated by org.testng.reporters.JUnitXMLReporter -->
<testsuite ignored="0" hostname="LAPTOP-N67953PD" failures="0" tests="5" name="Default test" time="9.5" errors="0" timestamp="2025-08-05T14:44:03 IST">
  <testcase classname="practice.widgetsTests.DatePickerTest" name="clickOnClose" time="0.738"/>
  <testcase classname="practice.widgetsTests.DatePickerTest" name="clickOnPractice" time="1.914"/>
  <testcase classname="practice.widgetsTests.DatePickerTest" name="clickOnWidgets" time="0.13"/>
  <testcase classname="practice.widgetsTests.DatePickerTest" name="clickOnDatePicker" time="0.133"/>
  <testcase classname="practice.widgetsTests.DatePickerTest" name="enterDate" time="0.05"/>
</testsuite> <!-- Default test -->
