<?xml version="1.0" encoding="UTF-8"?>
<testng-results ignored="0" total="5" passed="5" failed="0" skipped="0">
  <reporter-output>
  </reporter-output>
  <suite started-at="2025-08-05T13:08:59 IST" name="Surefire suite" finished-at="2025-08-05T13:09:10 IST" duration-ms="11355">
    <groups>
    </groups>
    <test started-at="2025-08-05T13:08:59 IST" name="Surefire test" finished-at="2025-08-05T13:09:10 IST" duration-ms="11355">
      <class name="practice.widgetsTests.DatePickerTest">
        <test-method is-config="true" signature="launch()[pri:0, instance:practice.widgetsTests.DatePickerTest@201a4587]" started-at="2025-08-05T13:08:59 IST" name="launch" finished-at="2025-08-05T13:09:05 IST" duration-ms="6092" status="PASS">
          <reporter-output>
          </reporter-output>
        </test-method> <!-- launch -->
        <test-method signature="clickOnClose()[pri:1, instance:practice.widgetsTests.DatePickerTest@201a4587]" started-at="2025-08-05T13:09:05 IST" name="clickOnClose" finished-at="2025-08-05T13:09:06 IST" duration-ms="709" status="PASS">
          <reporter-output>
          </reporter-output>
        </test-method> <!-- clickOnClose -->
        <test-method signature="clickOnPractice()[pri:2, instance:practice.widgetsTests.DatePickerTest@201a4587]" started-at="2025-08-05T13:09:06 IST" name="clickOnPractice" finished-at="2025-08-05T13:09:10 IST" depends-on-methods="practice.widgetsTests.DatePickerTest.clickOnClose" duration-ms="3908" status="PASS">
          <reporter-output>
          </reporter-output>
        </test-method> <!-- clickOnPractice -->
        <test-method signature="clickOnWidgets()[pri:3, instance:practice.widgetsTests.DatePickerTest@201a4587]" started-at="2025-08-05T13:09:10 IST" name="clickOnWidgets" finished-at="2025-08-05T13:09:10 IST" depends-on-methods="practice.widgetsTests.DatePickerTest.clickOnPractice" duration-ms="231" status="PASS">
          <reporter-output>
          </reporter-output>
        </test-method> <!-- clickOnWidgets -->
        <test-method signature="clickOnDatePicker()[pri:4, instance:practice.widgetsTests.DatePickerTest@201a4587]" started-at="2025-08-05T13:09:10 IST" name="clickOnDatePicker" finished-at="2025-08-05T13:09:10 IST" depends-on-methods="practice.widgetsTests.DatePickerTest.clickOnWidgets" duration-ms="224" status="PASS">
          <reporter-output>
          </reporter-output>
        </test-method> <!-- clickOnDatePicker -->
        <test-method signature="enterDate()[pri:5, instance:practice.widgetsTests.DatePickerTest@201a4587]" started-at="2025-08-05T13:09:10 IST" name="enterDate" finished-at="2025-08-05T13:09:10 IST" duration-ms="137" status="PASS">
          <reporter-output>
          </reporter-output>
        </test-method> <!-- enterDate -->
      </class> <!-- practice.widgetsTests.DatePickerTest -->
    </test> <!-- Surefire test -->
  </suite> <!-- Surefire suite -->
</testng-results>
