<?xml version="1.0" encoding="UTF-8"?>
<testng-results ignored="2" total="101" passed="0" failed="0" skipped="99">
  <reporter-output>
  </reporter-output>
  <suite started-at="2025-08-02T15:02:16 IST" name="Surefire suite" finished-at="2025-08-02T15:02:36 IST" duration-ms="20252">
    <groups>
      <group name="regression">
        <method signature="ButtonTest.clickOnClose()[pri:1, instance:practice.elementsTests.ButtonTest@3527942a]" name="clickOnClose" class="practice.elementsTests.ButtonTest"/>
        <method signature="CheckBoxTest.clickOnClose()[pri:1, instance:practice.elementsTests.CheckBoxTest@942a29c]" name="clickOnClose" class="practice.elementsTests.CheckBoxTest"/>
        <method signature="LinksTest.clickOnClose()[pri:1, instance:practice.elementsTests.LinksTest@1ed6388a]" name="clickOnClose" class="practice.elementsTests.LinksTest"/>
        <method signature="RadioButtonTest.clickOnClose()[pri:1, instance:practice.elementsTests.RadioButtonTest@534a5a98]" name="clickOnClose" class="practice.elementsTests.RadioButtonTest"/>
        <method signature="TextBoxTest.clickOnClose()[pri:1, instance:practice.elementsTests.TextBoxTest@4f80542f]" name="clickOnClose" class="practice.elementsTests.TextBoxTest"/>
        <method signature="UploadAndDownloadTest.clickOnClose()[pri:1, instance:practice.elementsTests.UploadAndDownloadTest@60bd273d]" name="clickOnClose" class="practice.elementsTests.UploadAndDownloadTest"/>
        <method signature="ButtonTest.clickOnPractice()[pri:2, instance:practice.elementsTests.ButtonTest@3527942a]" name="clickOnPractice" class="practice.elementsTests.ButtonTest"/>
        <method signature="CheckBoxTest.clickOnPractice()[pri:2, instance:practice.elementsTests.CheckBoxTest@942a29c]" name="clickOnPractice" class="practice.elementsTests.CheckBoxTest"/>
        <method signature="LinksTest.clickOnPractice()[pri:2, instance:practice.elementsTests.LinksTest@1ed6388a]" name="clickOnPractice" class="practice.elementsTests.LinksTest"/>
        <method signature="RadioButtonTest.clickOnPractice()[pri:2, instance:practice.elementsTests.RadioButtonTest@534a5a98]" name="clickOnPractice" class="practice.elementsTests.RadioButtonTest"/>
        <method signature="TextBoxTest.clickOnPractice()[pri:2, instance:practice.elementsTests.TextBoxTest@4f80542f]" name="clickOnPractice" class="practice.elementsTests.TextBoxTest"/>
        <method signature="UploadAndDownloadTest.clickOnPractice()[pri:2, instance:practice.elementsTests.UploadAndDownloadTest@60bd273d]" name="clickOnPractice" class="practice.elementsTests.UploadAndDownloadTest"/>
        <method signature="ButtonTest.clickOnElements()[pri:3, instance:practice.elementsTests.ButtonTest@3527942a]" name="clickOnElements" class="practice.elementsTests.ButtonTest"/>
        <method signature="CheckBoxTest.clickOnElements()[pri:3, instance:practice.elementsTests.CheckBoxTest@942a29c]" name="clickOnElements" class="practice.elementsTests.CheckBoxTest"/>
        <method signature="LinksTest.clickOnElements()[pri:3, instance:practice.elementsTests.LinksTest@1ed6388a]" name="clickOnElements" class="practice.elementsTests.LinksTest"/>
        <method signature="RadioButtonTest.clickOnElements()[pri:3, instance:practice.elementsTests.RadioButtonTest@534a5a98]" name="clickOnElements" class="practice.elementsTests.RadioButtonTest"/>
        <method signature="TextBoxTest.clickOnElements()[pri:3, instance:practice.elementsTests.TextBoxTest@4f80542f]" name="clickOnElements" class="practice.elementsTests.TextBoxTest"/>
        <method signature="UploadAndDownloadTest.clickOnElements()[pri:3, instance:practice.elementsTests.UploadAndDownloadTest@60bd273d]" name="clickOnElements" class="practice.elementsTests.UploadAndDownloadTest"/>
        <method signature="ButtonTest.clickOnButtons()[pri:4, instance:practice.elementsTests.ButtonTest@3527942a]" name="clickOnButtons" class="practice.elementsTests.ButtonTest"/>
        <method signature="CheckBoxTest.clickCheckBox()[pri:4, instance:practice.elementsTests.CheckBoxTest@942a29c]" name="clickCheckBox" class="practice.elementsTests.CheckBoxTest"/>
        <method signature="RadioButtonTest.clickOnRadioButtons()[pri:4, instance:practice.elementsTests.RadioButtonTest@534a5a98]" name="clickOnRadioButtons" class="practice.elementsTests.RadioButtonTest"/>
        <method signature="TextBoxTest.clickOnTextBox()[pri:4, instance:practice.elementsTests.TextBoxTest@4f80542f]" name="clickOnTextBox" class="practice.elementsTests.TextBoxTest"/>
        <method signature="UploadAndDownloadTest.clickOnUploadAndDownloadButton()[pri:4, instance:practice.elementsTests.UploadAndDownloadTest@60bd273d]" name="clickOnUploadAndDownloadButton" class="practice.elementsTests.UploadAndDownloadTest"/>
        <method signature="ButtonTest.clickOnDoubleClickButton()[pri:5, instance:practice.elementsTests.ButtonTest@3527942a]" name="clickOnDoubleClickButton" class="practice.elementsTests.ButtonTest"/>
        <method signature="CheckBoxTest.clickMobileCheckBox()[pri:5, instance:practice.elementsTests.CheckBoxTest@942a29c]" name="clickMobileCheckBox" class="practice.elementsTests.CheckBoxTest"/>
        <method signature="RadioButtonTest.clickOnYesRadioButton()[pri:5, instance:practice.elementsTests.RadioButtonTest@534a5a98]" name="clickOnYesRadioButton" class="practice.elementsTests.RadioButtonTest"/>
        <method signature="TextBoxTest.formFillUp()[pri:5, instance:practice.elementsTests.TextBoxTest@4f80542f]" name="formFillUp" class="practice.elementsTests.TextBoxTest"/>
        <method signature="ButtonTest.clickOnRightClickButton()[pri:6, instance:practice.elementsTests.ButtonTest@3527942a]" name="clickOnRightClickButton" class="practice.elementsTests.ButtonTest"/>
        <method signature="CheckBoxTest.clickLaptopCheckBox()[pri:6, instance:practice.elementsTests.CheckBoxTest@942a29c]" name="clickLaptopCheckBox" class="practice.elementsTests.CheckBoxTest"/>
        <method signature="RadioButtonTest.clickOnImpressiveRadioButton()[pri:6, instance:practice.elementsTests.RadioButtonTest@534a5a98]" name="clickOnImpressiveRadioButton" class="practice.elementsTests.RadioButtonTest"/>
        <method signature="UploadAndDownloadTest.performUpload()[pri:6, instance:practice.elementsTests.UploadAndDownloadTest@60bd273d]" name="performUpload" class="practice.elementsTests.UploadAndDownloadTest"/>
        <method signature="ButtonTest.clickOnSingleClickButton()[pri:7, instance:practice.elementsTests.ButtonTest@3527942a]" name="clickOnSingleClickButton" class="practice.elementsTests.ButtonTest"/>
        <method signature="CheckBoxTest.clickDesktopCheckBox()[pri:7, instance:practice.elementsTests.CheckBoxTest@942a29c]" name="clickDesktopCheckBox" class="practice.elementsTests.CheckBoxTest"/>
        <method signature="RadioButtonTest.clickOnNoRadioButton()[pri:7, instance:practice.elementsTests.RadioButtonTest@534a5a98]" name="clickOnNoRadioButton" class="practice.elementsTests.RadioButtonTest"/>
      </group> <!-- regression -->
      <group name="smoke">
        <method signature="ButtonTest.clickOnClose()[pri:1, instance:practice.elementsTests.ButtonTest@3527942a]" name="clickOnClose" class="practice.elementsTests.ButtonTest"/>
        <method signature="CheckBoxTest.clickOnClose()[pri:1, instance:practice.elementsTests.CheckBoxTest@942a29c]" name="clickOnClose" class="practice.elementsTests.CheckBoxTest"/>
        <method signature="LinksTest.clickOnClose()[pri:1, instance:practice.elementsTests.LinksTest@1ed6388a]" name="clickOnClose" class="practice.elementsTests.LinksTest"/>
        <method signature="RadioButtonTest.clickOnClose()[pri:1, instance:practice.elementsTests.RadioButtonTest@534a5a98]" name="clickOnClose" class="practice.elementsTests.RadioButtonTest"/>
        <method signature="TextBoxTest.clickOnClose()[pri:1, instance:practice.elementsTests.TextBoxTest@4f80542f]" name="clickOnClose" class="practice.elementsTests.TextBoxTest"/>
        <method signature="UploadAndDownloadTest.clickOnClose()[pri:1, instance:practice.elementsTests.UploadAndDownloadTest@60bd273d]" name="clickOnClose" class="practice.elementsTests.UploadAndDownloadTest"/>
        <method signature="ButtonTest.clickOnPractice()[pri:2, instance:practice.elementsTests.ButtonTest@3527942a]" name="clickOnPractice" class="practice.elementsTests.ButtonTest"/>
        <method signature="CheckBoxTest.clickOnPractice()[pri:2, instance:practice.elementsTests.CheckBoxTest@942a29c]" name="clickOnPractice" class="practice.elementsTests.CheckBoxTest"/>
        <method signature="LinksTest.clickOnPractice()[pri:2, instance:practice.elementsTests.LinksTest@1ed6388a]" name="clickOnPractice" class="practice.elementsTests.LinksTest"/>
        <method signature="RadioButtonTest.clickOnPractice()[pri:2, instance:practice.elementsTests.RadioButtonTest@534a5a98]" name="clickOnPractice" class="practice.elementsTests.RadioButtonTest"/>
        <method signature="TextBoxTest.clickOnPractice()[pri:2, instance:practice.elementsTests.TextBoxTest@4f80542f]" name="clickOnPractice" class="practice.elementsTests.TextBoxTest"/>
        <method signature="UploadAndDownloadTest.clickOnPractice()[pri:2, instance:practice.elementsTests.UploadAndDownloadTest@60bd273d]" name="clickOnPractice" class="practice.elementsTests.UploadAndDownloadTest"/>
        <method signature="RadioButtonTest.clickOnElements()[pri:3, instance:practice.elementsTests.RadioButtonTest@534a5a98]" name="clickOnElements" class="practice.elementsTests.RadioButtonTest"/>
      </group> <!-- smoke -->
      <group name="sanity">
        <method signature="ButtonTest.clickOnClose()[pri:1, instance:practice.elementsTests.ButtonTest@3527942a]" name="clickOnClose" class="practice.elementsTests.ButtonTest"/>
        <method signature="CheckBoxTest.clickOnClose()[pri:1, instance:practice.elementsTests.CheckBoxTest@942a29c]" name="clickOnClose" class="practice.elementsTests.CheckBoxTest"/>
        <method signature="LinksTest.clickOnClose()[pri:1, instance:practice.elementsTests.LinksTest@1ed6388a]" name="clickOnClose" class="practice.elementsTests.LinksTest"/>
        <method signature="RadioButtonTest.clickOnClose()[pri:1, instance:practice.elementsTests.RadioButtonTest@534a5a98]" name="clickOnClose" class="practice.elementsTests.RadioButtonTest"/>
        <method signature="TextBoxTest.clickOnClose()[pri:1, instance:practice.elementsTests.TextBoxTest@4f80542f]" name="clickOnClose" class="practice.elementsTests.TextBoxTest"/>
        <method signature="UploadAndDownloadTest.clickOnClose()[pri:1, instance:practice.elementsTests.UploadAndDownloadTest@60bd273d]" name="clickOnClose" class="practice.elementsTests.UploadAndDownloadTest"/>
        <method signature="ButtonTest.clickOnPractice()[pri:2, instance:practice.elementsTests.ButtonTest@3527942a]" name="clickOnPractice" class="practice.elementsTests.ButtonTest"/>
        <method signature="CheckBoxTest.clickOnPractice()[pri:2, instance:practice.elementsTests.CheckBoxTest@942a29c]" name="clickOnPractice" class="practice.elementsTests.CheckBoxTest"/>
        <method signature="LinksTest.clickOnPractice()[pri:2, instance:practice.elementsTests.LinksTest@1ed6388a]" name="clickOnPractice" class="practice.elementsTests.LinksTest"/>
        <method signature="RadioButtonTest.clickOnPractice()[pri:2, instance:practice.elementsTests.RadioButtonTest@534a5a98]" name="clickOnPractice" class="practice.elementsTests.RadioButtonTest"/>
        <method signature="TextBoxTest.clickOnPractice()[pri:2, instance:practice.elementsTests.TextBoxTest@4f80542f]" name="clickOnPractice" class="practice.elementsTests.TextBoxTest"/>
        <method signature="UploadAndDownloadTest.clickOnPractice()[pri:2, instance:practice.elementsTests.UploadAndDownloadTest@60bd273d]" name="clickOnPractice" class="practice.elementsTests.UploadAndDownloadTest"/>
        <method signature="ButtonTest.clickOnElements()[pri:3, instance:practice.elementsTests.ButtonTest@3527942a]" name="clickOnElements" class="practice.elementsTests.ButtonTest"/>
        <method signature="CheckBoxTest.clickOnElements()[pri:3, instance:practice.elementsTests.CheckBoxTest@942a29c]" name="clickOnElements" class="practice.elementsTests.CheckBoxTest"/>
        <method signature="LinksTest.clickOnElements()[pri:3, instance:practice.elementsTests.LinksTest@1ed6388a]" name="clickOnElements" class="practice.elementsTests.LinksTest"/>
        <method signature="RadioButtonTest.clickOnElements()[pri:3, instance:practice.elementsTests.RadioButtonTest@534a5a98]" name="clickOnElements" class="practice.elementsTests.RadioButtonTest"/>
        <method signature="TextBoxTest.clickOnElements()[pri:3, instance:practice.elementsTests.TextBoxTest@4f80542f]" name="clickOnElements" class="practice.elementsTests.TextBoxTest"/>
        <method signature="UploadAndDownloadTest.clickOnElements()[pri:3, instance:practice.elementsTests.UploadAndDownloadTest@60bd273d]" name="clickOnElements" class="practice.elementsTests.UploadAndDownloadTest"/>
        <method signature="ButtonTest.clickOnButtons()[pri:4, instance:practice.elementsTests.ButtonTest@3527942a]" name="clickOnButtons" class="practice.elementsTests.ButtonTest"/>
        <method signature="CheckBoxTest.clickCheckBox()[pri:4, instance:practice.elementsTests.CheckBoxTest@942a29c]" name="clickCheckBox" class="practice.elementsTests.CheckBoxTest"/>
        <method signature="RadioButtonTest.clickOnRadioButtons()[pri:4, instance:practice.elementsTests.RadioButtonTest@534a5a98]" name="clickOnRadioButtons" class="practice.elementsTests.RadioButtonTest"/>
        <method signature="RadioButtonTest.clickOnYesRadioButton()[pri:5, instance:practice.elementsTests.RadioButtonTest@534a5a98]" name="clickOnYesRadioButton" class="practice.elementsTests.RadioButtonTest"/>
        <method signature="RadioButtonTest.clickOnImpressiveRadioButton()[pri:6, instance:practice.elementsTests.RadioButtonTest@534a5a98]" name="clickOnImpressiveRadioButton" class="practice.elementsTests.RadioButtonTest"/>
        <method signature="RadioButtonTest.clickOnNoRadioButton()[pri:7, instance:practice.elementsTests.RadioButtonTest@534a5a98]" name="clickOnNoRadioButton" class="practice.elementsTests.RadioButtonTest"/>
      </group> <!-- sanity -->
    </groups>
    <test started-at="2025-08-02T15:02:16 IST" name="Surefire test" finished-at="2025-08-02T15:02:36 IST" duration-ms="20252">
      <class name="practice.elementsTests.ButtonTest">
        <test-method is-config="true" signature="launch(java.lang.String)[pri:0, instance:practice.elementsTests.ButtonTest@3527942a]" started-at="2025-08-02T15:02:36 IST" name="launch" finished-at="1970-01-01T05:30:00 IST" duration-ms="-1754127156638" status="FAIL">
          <exception class="org.testng.TestNGException">
            <message>
              <![CDATA[
Parameter 'browser' is required by BeforeTest on method launch but has not been marked @Optional or defined
]]>
            </message>
            <full-stacktrace>
              <![CDATA[org.testng.TestNGException: 
Parameter 'browser' is required by BeforeTest on method launch but has not been marked @Optional or defined

at org.testng.internal.Parameters.createParams(Parameters.java:264)
at org.testng.internal.Parameters.createParametersForMethod(Parameters.java:352)
at org.testng.internal.Parameters.createParameters(Parameters.java:690)
at org.testng.internal.Parameters.createConfigurationParameters(Parameters.java:163)
at org.testng.internal.invokers.ConfigInvoker.invokeConfigurations(ConfigInvoker.java:313)
at org.testng.TestRunner.invokeTestConfigurations(TestRunner.java:657)
at org.testng.TestRunner.beforeRun(TestRunner.java:646)
at org.testng.TestRunner.run(TestRunner.java:612)
at org.testng.SuiteRunner.runTest(SuiteRunner.java:421)
at org.testng.SuiteRunner.runSequentially(SuiteRunner.java:413)
at org.testng.SuiteRunner.privateRun(SuiteRunner.java:373)
at org.testng.SuiteRunner.run(SuiteRunner.java:312)
at org.testng.SuiteRunnerWorker.runSuite(SuiteRunnerWorker.java:52)
at org.testng.SuiteRunnerWorker.run(SuiteRunnerWorker.java:95)
at org.testng.TestNG.runSuitesSequentially(TestNG.java:1274)
at org.testng.TestNG.runSuitesLocally(TestNG.java:1208)
at org.testng.TestNG.runSuites(TestNG.java:1112)
at org.testng.TestNG.run(TestNG.java:1079)
at org.apache.maven.surefire.testng.TestNGExecutor.run(TestNGExecutor.java:155)
at org.apache.maven.surefire.testng.TestNGDirectoryTestSuite.executeMulti(TestNGDirectoryTestSuite.java:169)
at org.apache.maven.surefire.testng.TestNGDirectoryTestSuite.execute(TestNGDirectoryTestSuite.java:88)
at org.apache.maven.surefire.testng.TestNGProvider.invoke(TestNGProvider.java:137)
at org.apache.maven.surefire.booter.ForkedBooter.runSuitesInProcess(ForkedBooter.java:385)
at org.apache.maven.surefire.booter.ForkedBooter.execute(ForkedBooter.java:162)
at org.apache.maven.surefire.booter.ForkedBooter.run(ForkedBooter.java:507)
at org.apache.maven.surefire.booter.ForkedBooter.main(ForkedBooter.java:495)
]]>
            </full-stacktrace>
          </exception> <!-- org.testng.TestNGException -->
          <reporter-output>
          </reporter-output>
        </test-method> <!-- launch -->
        <test-method signature="clickOnClose()[pri:1, instance:practice.elementsTests.ButtonTest@3527942a]" started-at="2025-08-02T15:02:36 IST" name="clickOnClose" finished-at="2025-08-02T15:02:36 IST" duration-ms="0" status="SKIP">
          <exception class="org.testng.TestNGException">
            <message>
              <![CDATA[
Parameter 'browser' is required by BeforeTest on method launch but has not been marked @Optional or defined
]]>
            </message>
            <full-stacktrace>
              <![CDATA[org.testng.TestNGException: 
Parameter 'browser' is required by BeforeTest on method launch but has not been marked @Optional or defined

at org.testng.internal.Parameters.createParams(Parameters.java:264)
at org.testng.internal.Parameters.createParametersForMethod(Parameters.java:352)
at org.testng.internal.Parameters.createParameters(Parameters.java:690)
at org.testng.internal.Parameters.createConfigurationParameters(Parameters.java:163)
at org.testng.internal.invokers.ConfigInvoker.invokeConfigurations(ConfigInvoker.java:313)
at org.testng.TestRunner.invokeTestConfigurations(TestRunner.java:657)
at org.testng.TestRunner.beforeRun(TestRunner.java:646)
at org.testng.TestRunner.run(TestRunner.java:612)
at org.testng.SuiteRunner.runTest(SuiteRunner.java:421)
at org.testng.SuiteRunner.runSequentially(SuiteRunner.java:413)
at org.testng.SuiteRunner.privateRun(SuiteRunner.java:373)
at org.testng.SuiteRunner.run(SuiteRunner.java:312)
at org.testng.SuiteRunnerWorker.runSuite(SuiteRunnerWorker.java:52)
at org.testng.SuiteRunnerWorker.run(SuiteRunnerWorker.java:95)
at org.testng.TestNG.runSuitesSequentially(TestNG.java:1274)
at org.testng.TestNG.runSuitesLocally(TestNG.java:1208)
at org.testng.TestNG.runSuites(TestNG.java:1112)
at org.testng.TestNG.run(TestNG.java:1079)
at org.apache.maven.surefire.testng.TestNGExecutor.run(TestNGExecutor.java:155)
at org.apache.maven.surefire.testng.TestNGDirectoryTestSuite.executeMulti(TestNGDirectoryTestSuite.java:169)
at org.apache.maven.surefire.testng.TestNGDirectoryTestSuite.execute(TestNGDirectoryTestSuite.java:88)
at org.apache.maven.surefire.testng.TestNGProvider.invoke(TestNGProvider.java:137)
at org.apache.maven.surefire.booter.ForkedBooter.runSuitesInProcess(ForkedBooter.java:385)
at org.apache.maven.surefire.booter.ForkedBooter.execute(ForkedBooter.java:162)
at org.apache.maven.surefire.booter.ForkedBooter.run(ForkedBooter.java:507)
at org.apache.maven.surefire.booter.ForkedBooter.main(ForkedBooter.java:495)
]]>
            </full-stacktrace>
          </exception> <!-- org.testng.TestNGException -->
          <reporter-output>
          </reporter-output>
        </test-method> <!-- clickOnClose -->
        <test-method signature="clickOnPractice()[pri:2, instance:practice.elementsTests.ButtonTest@3527942a]" started-at="2025-08-02T15:02:36 IST" name="clickOnPractice" finished-at="2025-08-02T15:02:36 IST" duration-ms="0" status="SKIP">
          <exception class="org.testng.TestNGException">
            <message>
              <![CDATA[
Parameter 'browser' is required by BeforeTest on method launch but has not been marked @Optional or defined
]]>
            </message>
            <full-stacktrace>
              <![CDATA[org.testng.TestNGException: 
Parameter 'browser' is required by BeforeTest on method launch but has not been marked @Optional or defined

at org.testng.internal.Parameters.createParams(Parameters.java:264)
at org.testng.internal.Parameters.createParametersForMethod(Parameters.java:352)
at org.testng.internal.Parameters.createParameters(Parameters.java:690)
at org.testng.internal.Parameters.createConfigurationParameters(Parameters.java:163)
at org.testng.internal.invokers.ConfigInvoker.invokeConfigurations(ConfigInvoker.java:313)
at org.testng.TestRunner.invokeTestConfigurations(TestRunner.java:657)
at org.testng.TestRunner.beforeRun(TestRunner.java:646)
at org.testng.TestRunner.run(TestRunner.java:612)
at org.testng.SuiteRunner.runTest(SuiteRunner.java:421)
at org.testng.SuiteRunner.runSequentially(SuiteRunner.java:413)
at org.testng.SuiteRunner.privateRun(SuiteRunner.java:373)
at org.testng.SuiteRunner.run(SuiteRunner.java:312)
at org.testng.SuiteRunnerWorker.runSuite(SuiteRunnerWorker.java:52)
at org.testng.SuiteRunnerWorker.run(SuiteRunnerWorker.java:95)
at org.testng.TestNG.runSuitesSequentially(TestNG.java:1274)
at org.testng.TestNG.runSuitesLocally(TestNG.java:1208)
at org.testng.TestNG.runSuites(TestNG.java:1112)
at org.testng.TestNG.run(TestNG.java:1079)
at org.apache.maven.surefire.testng.TestNGExecutor.run(TestNGExecutor.java:155)
at org.apache.maven.surefire.testng.TestNGDirectoryTestSuite.executeMulti(TestNGDirectoryTestSuite.java:169)
at org.apache.maven.surefire.testng.TestNGDirectoryTestSuite.execute(TestNGDirectoryTestSuite.java:88)
at org.apache.maven.surefire.testng.TestNGProvider.invoke(TestNGProvider.java:137)
at org.apache.maven.surefire.booter.ForkedBooter.runSuitesInProcess(ForkedBooter.java:385)
at org.apache.maven.surefire.booter.ForkedBooter.execute(ForkedBooter.java:162)
at org.apache.maven.surefire.booter.ForkedBooter.run(ForkedBooter.java:507)
at org.apache.maven.surefire.booter.ForkedBooter.main(ForkedBooter.java:495)
]]>
            </full-stacktrace>
          </exception> <!-- org.testng.TestNGException -->
          <reporter-output>
          </reporter-output>
        </test-method> <!-- clickOnPractice -->
        <test-method signature="clickOnElements()[pri:3, instance:practice.elementsTests.ButtonTest@3527942a]" started-at="2025-08-02T15:02:36 IST" name="clickOnElements" finished-at="2025-08-02T15:02:36 IST" duration-ms="0" status="SKIP">
          <exception class="org.testng.TestNGException">
            <message>
              <![CDATA[
Parameter 'browser' is required by BeforeTest on method launch but has not been marked @Optional or defined
]]>
            </message>
            <full-stacktrace>
              <![CDATA[org.testng.TestNGException: 
Parameter 'browser' is required by BeforeTest on method launch but has not been marked @Optional or defined

at org.testng.internal.Parameters.createParams(Parameters.java:264)
at org.testng.internal.Parameters.createParametersForMethod(Parameters.java:352)
at org.testng.internal.Parameters.createParameters(Parameters.java:690)
at org.testng.internal.Parameters.createConfigurationParameters(Parameters.java:163)
at org.testng.internal.invokers.ConfigInvoker.invokeConfigurations(ConfigInvoker.java:313)
at org.testng.TestRunner.invokeTestConfigurations(TestRunner.java:657)
at org.testng.TestRunner.beforeRun(TestRunner.java:646)
at org.testng.TestRunner.run(TestRunner.java:612)
at org.testng.SuiteRunner.runTest(SuiteRunner.java:421)
at org.testng.SuiteRunner.runSequentially(SuiteRunner.java:413)
at org.testng.SuiteRunner.privateRun(SuiteRunner.java:373)
at org.testng.SuiteRunner.run(SuiteRunner.java:312)
at org.testng.SuiteRunnerWorker.runSuite(SuiteRunnerWorker.java:52)
at org.testng.SuiteRunnerWorker.run(SuiteRunnerWorker.java:95)
at org.testng.TestNG.runSuitesSequentially(TestNG.java:1274)
at org.testng.TestNG.runSuitesLocally(TestNG.java:1208)
at org.testng.TestNG.runSuites(TestNG.java:1112)
at org.testng.TestNG.run(TestNG.java:1079)
at org.apache.maven.surefire.testng.TestNGExecutor.run(TestNGExecutor.java:155)
at org.apache.maven.surefire.testng.TestNGDirectoryTestSuite.executeMulti(TestNGDirectoryTestSuite.java:169)
at org.apache.maven.surefire.testng.TestNGDirectoryTestSuite.execute(TestNGDirectoryTestSuite.java:88)
at org.apache.maven.surefire.testng.TestNGProvider.invoke(TestNGProvider.java:137)
at org.apache.maven.surefire.booter.ForkedBooter.runSuitesInProcess(ForkedBooter.java:385)
at org.apache.maven.surefire.booter.ForkedBooter.execute(ForkedBooter.java:162)
at org.apache.maven.surefire.booter.ForkedBooter.run(ForkedBooter.java:507)
at org.apache.maven.surefire.booter.ForkedBooter.main(ForkedBooter.java:495)
]]>
            </full-stacktrace>
          </exception> <!-- org.testng.TestNGException -->
          <reporter-output>
          </reporter-output>
        </test-method> <!-- clickOnElements -->
        <test-method signature="clickOnButtons()[pri:4, instance:practice.elementsTests.ButtonTest@3527942a]" started-at="2025-08-02T15:02:36 IST" name="clickOnButtons" finished-at="2025-08-02T15:02:36 IST" duration-ms="0" status="SKIP">
          <exception class="org.testng.TestNGException">
            <message>
              <![CDATA[
Parameter 'browser' is required by BeforeTest on method launch but has not been marked @Optional or defined
]]>
            </message>
            <full-stacktrace>
              <![CDATA[org.testng.TestNGException: 
Parameter 'browser' is required by BeforeTest on method launch but has not been marked @Optional or defined

at org.testng.internal.Parameters.createParams(Parameters.java:264)
at org.testng.internal.Parameters.createParametersForMethod(Parameters.java:352)
at org.testng.internal.Parameters.createParameters(Parameters.java:690)
at org.testng.internal.Parameters.createConfigurationParameters(Parameters.java:163)
at org.testng.internal.invokers.ConfigInvoker.invokeConfigurations(ConfigInvoker.java:313)
at org.testng.TestRunner.invokeTestConfigurations(TestRunner.java:657)
at org.testng.TestRunner.beforeRun(TestRunner.java:646)
at org.testng.TestRunner.run(TestRunner.java:612)
at org.testng.SuiteRunner.runTest(SuiteRunner.java:421)
at org.testng.SuiteRunner.runSequentially(SuiteRunner.java:413)
at org.testng.SuiteRunner.privateRun(SuiteRunner.java:373)
at org.testng.SuiteRunner.run(SuiteRunner.java:312)
at org.testng.SuiteRunnerWorker.runSuite(SuiteRunnerWorker.java:52)
at org.testng.SuiteRunnerWorker.run(SuiteRunnerWorker.java:95)
at org.testng.TestNG.runSuitesSequentially(TestNG.java:1274)
at org.testng.TestNG.runSuitesLocally(TestNG.java:1208)
at org.testng.TestNG.runSuites(TestNG.java:1112)
at org.testng.TestNG.run(TestNG.java:1079)
at org.apache.maven.surefire.testng.TestNGExecutor.run(TestNGExecutor.java:155)
at org.apache.maven.surefire.testng.TestNGDirectoryTestSuite.executeMulti(TestNGDirectoryTestSuite.java:169)
at org.apache.maven.surefire.testng.TestNGDirectoryTestSuite.execute(TestNGDirectoryTestSuite.java:88)
at org.apache.maven.surefire.testng.TestNGProvider.invoke(TestNGProvider.java:137)
at org.apache.maven.surefire.booter.ForkedBooter.runSuitesInProcess(ForkedBooter.java:385)
at org.apache.maven.surefire.booter.ForkedBooter.execute(ForkedBooter.java:162)
at org.apache.maven.surefire.booter.ForkedBooter.run(ForkedBooter.java:507)
at org.apache.maven.surefire.booter.ForkedBooter.main(ForkedBooter.java:495)
]]>
            </full-stacktrace>
          </exception> <!-- org.testng.TestNGException -->
          <reporter-output>
          </reporter-output>
        </test-method> <!-- clickOnButtons -->
        <test-method signature="clickOnDoubleClickButton()[pri:5, instance:practice.elementsTests.ButtonTest@3527942a]" started-at="2025-08-02T15:02:36 IST" name="clickOnDoubleClickButton" finished-at="2025-08-02T15:02:36 IST" duration-ms="0" status="SKIP">
          <exception class="org.testng.TestNGException">
            <message>
              <![CDATA[
Parameter 'browser' is required by BeforeTest on method launch but has not been marked @Optional or defined
]]>
            </message>
            <full-stacktrace>
              <![CDATA[org.testng.TestNGException: 
Parameter 'browser' is required by BeforeTest on method launch but has not been marked @Optional or defined

at org.testng.internal.Parameters.createParams(Parameters.java:264)
at org.testng.internal.Parameters.createParametersForMethod(Parameters.java:352)
at org.testng.internal.Parameters.createParameters(Parameters.java:690)
at org.testng.internal.Parameters.createConfigurationParameters(Parameters.java:163)
at org.testng.internal.invokers.ConfigInvoker.invokeConfigurations(ConfigInvoker.java:313)
at org.testng.TestRunner.invokeTestConfigurations(TestRunner.java:657)
at org.testng.TestRunner.beforeRun(TestRunner.java:646)
at org.testng.TestRunner.run(TestRunner.java:612)
at org.testng.SuiteRunner.runTest(SuiteRunner.java:421)
at org.testng.SuiteRunner.runSequentially(SuiteRunner.java:413)
at org.testng.SuiteRunner.privateRun(SuiteRunner.java:373)
at org.testng.SuiteRunner.run(SuiteRunner.java:312)
at org.testng.SuiteRunnerWorker.runSuite(SuiteRunnerWorker.java:52)
at org.testng.SuiteRunnerWorker.run(SuiteRunnerWorker.java:95)
at org.testng.TestNG.runSuitesSequentially(TestNG.java:1274)
at org.testng.TestNG.runSuitesLocally(TestNG.java:1208)
at org.testng.TestNG.runSuites(TestNG.java:1112)
at org.testng.TestNG.run(TestNG.java:1079)
at org.apache.maven.surefire.testng.TestNGExecutor.run(TestNGExecutor.java:155)
at org.apache.maven.surefire.testng.TestNGDirectoryTestSuite.executeMulti(TestNGDirectoryTestSuite.java:169)
at org.apache.maven.surefire.testng.TestNGDirectoryTestSuite.execute(TestNGDirectoryTestSuite.java:88)
at org.apache.maven.surefire.testng.TestNGProvider.invoke(TestNGProvider.java:137)
at org.apache.maven.surefire.booter.ForkedBooter.runSuitesInProcess(ForkedBooter.java:385)
at org.apache.maven.surefire.booter.ForkedBooter.execute(ForkedBooter.java:162)
at org.apache.maven.surefire.booter.ForkedBooter.run(ForkedBooter.java:507)
at org.apache.maven.surefire.booter.ForkedBooter.main(ForkedBooter.java:495)
]]>
            </full-stacktrace>
          </exception> <!-- org.testng.TestNGException -->
          <reporter-output>
          </reporter-output>
        </test-method> <!-- clickOnDoubleClickButton -->
        <test-method signature="clickOnRightClickButton()[pri:6, instance:practice.elementsTests.ButtonTest@3527942a]" started-at="2025-08-02T15:02:36 IST" name="clickOnRightClickButton" finished-at="2025-08-02T15:02:36 IST" duration-ms="0" status="SKIP">
          <exception class="org.testng.TestNGException">
            <message>
              <![CDATA[
Parameter 'browser' is required by BeforeTest on method launch but has not been marked @Optional or defined
]]>
            </message>
            <full-stacktrace>
              <![CDATA[org.testng.TestNGException: 
Parameter 'browser' is required by BeforeTest on method launch but has not been marked @Optional or defined

at org.testng.internal.Parameters.createParams(Parameters.java:264)
at org.testng.internal.Parameters.createParametersForMethod(Parameters.java:352)
at org.testng.internal.Parameters.createParameters(Parameters.java:690)
at org.testng.internal.Parameters.createConfigurationParameters(Parameters.java:163)
at org.testng.internal.invokers.ConfigInvoker.invokeConfigurations(ConfigInvoker.java:313)
at org.testng.TestRunner.invokeTestConfigurations(TestRunner.java:657)
at org.testng.TestRunner.beforeRun(TestRunner.java:646)
at org.testng.TestRunner.run(TestRunner.java:612)
at org.testng.SuiteRunner.runTest(SuiteRunner.java:421)
at org.testng.SuiteRunner.runSequentially(SuiteRunner.java:413)
at org.testng.SuiteRunner.privateRun(SuiteRunner.java:373)
at org.testng.SuiteRunner.run(SuiteRunner.java:312)
at org.testng.SuiteRunnerWorker.runSuite(SuiteRunnerWorker.java:52)
at org.testng.SuiteRunnerWorker.run(SuiteRunnerWorker.java:95)
at org.testng.TestNG.runSuitesSequentially(TestNG.java:1274)
at org.testng.TestNG.runSuitesLocally(TestNG.java:1208)
at org.testng.TestNG.runSuites(TestNG.java:1112)
at org.testng.TestNG.run(TestNG.java:1079)
at org.apache.maven.surefire.testng.TestNGExecutor.run(TestNGExecutor.java:155)
at org.apache.maven.surefire.testng.TestNGDirectoryTestSuite.executeMulti(TestNGDirectoryTestSuite.java:169)
at org.apache.maven.surefire.testng.TestNGDirectoryTestSuite.execute(TestNGDirectoryTestSuite.java:88)
at org.apache.maven.surefire.testng.TestNGProvider.invoke(TestNGProvider.java:137)
at org.apache.maven.surefire.booter.ForkedBooter.runSuitesInProcess(ForkedBooter.java:385)
at org.apache.maven.surefire.booter.ForkedBooter.execute(ForkedBooter.java:162)
at org.apache.maven.surefire.booter.ForkedBooter.run(ForkedBooter.java:507)
at org.apache.maven.surefire.booter.ForkedBooter.main(ForkedBooter.java:495)
]]>
            </full-stacktrace>
          </exception> <!-- org.testng.TestNGException -->
          <reporter-output>
          </reporter-output>
        </test-method> <!-- clickOnRightClickButton -->
        <test-method signature="clickOnSingleClickButton()[pri:7, instance:practice.elementsTests.ButtonTest@3527942a]" started-at="2025-08-02T15:02:36 IST" name="clickOnSingleClickButton" finished-at="2025-08-02T15:02:36 IST" duration-ms="0" status="SKIP">
          <exception class="org.testng.TestNGException">
            <message>
              <![CDATA[
Parameter 'browser' is required by BeforeTest on method launch but has not been marked @Optional or defined
]]>
            </message>
            <full-stacktrace>
              <![CDATA[org.testng.TestNGException: 
Parameter 'browser' is required by BeforeTest on method launch but has not been marked @Optional or defined

at org.testng.internal.Parameters.createParams(Parameters.java:264)
at org.testng.internal.Parameters.createParametersForMethod(Parameters.java:352)
at org.testng.internal.Parameters.createParameters(Parameters.java:690)
at org.testng.internal.Parameters.createConfigurationParameters(Parameters.java:163)
at org.testng.internal.invokers.ConfigInvoker.invokeConfigurations(ConfigInvoker.java:313)
at org.testng.TestRunner.invokeTestConfigurations(TestRunner.java:657)
at org.testng.TestRunner.beforeRun(TestRunner.java:646)
at org.testng.TestRunner.run(TestRunner.java:612)
at org.testng.SuiteRunner.runTest(SuiteRunner.java:421)
at org.testng.SuiteRunner.runSequentially(SuiteRunner.java:413)
at org.testng.SuiteRunner.privateRun(SuiteRunner.java:373)
at org.testng.SuiteRunner.run(SuiteRunner.java:312)
at org.testng.SuiteRunnerWorker.runSuite(SuiteRunnerWorker.java:52)
at org.testng.SuiteRunnerWorker.run(SuiteRunnerWorker.java:95)
at org.testng.TestNG.runSuitesSequentially(TestNG.java:1274)
at org.testng.TestNG.runSuitesLocally(TestNG.java:1208)
at org.testng.TestNG.runSuites(TestNG.java:1112)
at org.testng.TestNG.run(TestNG.java:1079)
at org.apache.maven.surefire.testng.TestNGExecutor.run(TestNGExecutor.java:155)
at org.apache.maven.surefire.testng.TestNGDirectoryTestSuite.executeMulti(TestNGDirectoryTestSuite.java:169)
at org.apache.maven.surefire.testng.TestNGDirectoryTestSuite.execute(TestNGDirectoryTestSuite.java:88)
at org.apache.maven.surefire.testng.TestNGProvider.invoke(TestNGProvider.java:137)
at org.apache.maven.surefire.booter.ForkedBooter.runSuitesInProcess(ForkedBooter.java:385)
at org.apache.maven.surefire.booter.ForkedBooter.execute(ForkedBooter.java:162)
at org.apache.maven.surefire.booter.ForkedBooter.run(ForkedBooter.java:507)
at org.apache.maven.surefire.booter.ForkedBooter.main(ForkedBooter.java:495)
]]>
            </full-stacktrace>
          </exception> <!-- org.testng.TestNGException -->
          <reporter-output>
          </reporter-output>
        </test-method> <!-- clickOnSingleClickButton -->
      </class> <!-- practice.elementsTests.ButtonTest -->
      <class name="practice.widgetsTests.MenuTest">
        <test-method is-config="true" signature="launch()[pri:0, instance:practice.widgetsTests.MenuTest@130c12b7]" started-at="2025-08-02T15:02:36 IST" name="launch" finished-at="2025-08-02T15:02:36 IST" duration-ms="0" status="SKIP">
          <reporter-output>
          </reporter-output>
        </test-method> <!-- launch -->
        <test-method signature="clickOnClose()[pri:1, instance:practice.widgetsTests.MenuTest@130c12b7]" started-at="2025-08-02T15:02:36 IST" name="clickOnClose" finished-at="2025-08-02T15:02:36 IST" duration-ms="0" status="SKIP">
          <exception class="org.testng.TestNGException">
            <message>
              <![CDATA[
Parameter 'browser' is required by BeforeTest on method launch but has not been marked @Optional or defined
]]>
            </message>
            <full-stacktrace>
              <![CDATA[org.testng.TestNGException: 
Parameter 'browser' is required by BeforeTest on method launch but has not been marked @Optional or defined

at org.testng.internal.Parameters.createParams(Parameters.java:264)
at org.testng.internal.Parameters.createParametersForMethod(Parameters.java:352)
at org.testng.internal.Parameters.createParameters(Parameters.java:690)
at org.testng.internal.Parameters.createConfigurationParameters(Parameters.java:163)
at org.testng.internal.invokers.ConfigInvoker.invokeConfigurations(ConfigInvoker.java:313)
at org.testng.TestRunner.invokeTestConfigurations(TestRunner.java:657)
at org.testng.TestRunner.beforeRun(TestRunner.java:646)
at org.testng.TestRunner.run(TestRunner.java:612)
at org.testng.SuiteRunner.runTest(SuiteRunner.java:421)
at org.testng.SuiteRunner.runSequentially(SuiteRunner.java:413)
at org.testng.SuiteRunner.privateRun(SuiteRunner.java:373)
at org.testng.SuiteRunner.run(SuiteRunner.java:312)
at org.testng.SuiteRunnerWorker.runSuite(SuiteRunnerWorker.java:52)
at org.testng.SuiteRunnerWorker.run(SuiteRunnerWorker.java:95)
at org.testng.TestNG.runSuitesSequentially(TestNG.java:1274)
at org.testng.TestNG.runSuitesLocally(TestNG.java:1208)
at org.testng.TestNG.runSuites(TestNG.java:1112)
at org.testng.TestNG.run(TestNG.java:1079)
at org.apache.maven.surefire.testng.TestNGExecutor.run(TestNGExecutor.java:155)
at org.apache.maven.surefire.testng.TestNGDirectoryTestSuite.executeMulti(TestNGDirectoryTestSuite.java:169)
at org.apache.maven.surefire.testng.TestNGDirectoryTestSuite.execute(TestNGDirectoryTestSuite.java:88)
at org.apache.maven.surefire.testng.TestNGProvider.invoke(TestNGProvider.java:137)
at org.apache.maven.surefire.booter.ForkedBooter.runSuitesInProcess(ForkedBooter.java:385)
at org.apache.maven.surefire.booter.ForkedBooter.execute(ForkedBooter.java:162)
at org.apache.maven.surefire.booter.ForkedBooter.run(ForkedBooter.java:507)
at org.apache.maven.surefire.booter.ForkedBooter.main(ForkedBooter.java:495)
]]>
            </full-stacktrace>
          </exception> <!-- org.testng.TestNGException -->
          <reporter-output>
          </reporter-output>
        </test-method> <!-- clickOnClose -->
        <test-method signature="clickOnWidgets()[pri:3, instance:practice.widgetsTests.MenuTest@130c12b7]" started-at="2025-08-02T15:02:36 IST" name="clickOnWidgets" finished-at="2025-08-02T15:02:36 IST" depends-on-methods="practice.widgetsTests.MenuTest.clickOnPractice" duration-ms="0" status="SKIP">
          <exception class="java.lang.Throwable">
            <message>
              <![CDATA[Method practice.widgetsTests.MenuTest.clickOnWidgets() on instance practice.widgetsTests.MenuTest@130c12b7 depends on not successfully finished methods 
[practice.widgetsTests.MenuTest.clickOnPractice() on instance practice.widgetsTests.MenuTest@130c12b7]]]>
            </message>
            <full-stacktrace>
              <![CDATA[java.lang.Throwable: Method practice.widgetsTests.MenuTest.clickOnWidgets() on instance practice.widgetsTests.MenuTest@130c12b7 depends on not successfully finished methods 
[practice.widgetsTests.MenuTest.clickOnPractice() on instance practice.widgetsTests.MenuTest@130c12b7]
at org.testng.internal.invokers.TestInvoker.invokeTestMethods(TestInvoker.java:159)
at org.testng.internal.invokers.TestMethodWorker.invokeTestMethods(TestMethodWorker.java:154)
at org.testng.internal.invokers.TestMethodWorker.run(TestMethodWorker.java:134)
at java.base/java.util.ArrayList.forEach(ArrayList.java:1541)
at org.testng.TestRunner.privateRun(TestRunner.java:741)
at org.testng.TestRunner.run(TestRunner.java:616)
at org.testng.SuiteRunner.runTest(SuiteRunner.java:421)
at org.testng.SuiteRunner.runSequentially(SuiteRunner.java:413)
at org.testng.SuiteRunner.privateRun(SuiteRunner.java:373)
at org.testng.SuiteRunner.run(SuiteRunner.java:312)
at org.testng.SuiteRunnerWorker.runSuite(SuiteRunnerWorker.java:52)
at org.testng.SuiteRunnerWorker.run(SuiteRunnerWorker.java:95)
at org.testng.TestNG.runSuitesSequentially(TestNG.java:1274)
at org.testng.TestNG.runSuitesLocally(TestNG.java:1208)
at org.testng.TestNG.runSuites(TestNG.java:1112)
at org.testng.TestNG.run(TestNG.java:1079)
at org.apache.maven.surefire.testng.TestNGExecutor.run(TestNGExecutor.java:155)
at org.apache.maven.surefire.testng.TestNGDirectoryTestSuite.executeMulti(TestNGDirectoryTestSuite.java:169)
at org.apache.maven.surefire.testng.TestNGDirectoryTestSuite.execute(TestNGDirectoryTestSuite.java:88)
at org.apache.maven.surefire.testng.TestNGProvider.invoke(TestNGProvider.java:137)
at org.apache.maven.surefire.booter.ForkedBooter.runSuitesInProcess(ForkedBooter.java:385)
at org.apache.maven.surefire.booter.ForkedBooter.execute(ForkedBooter.java:162)
at org.apache.maven.surefire.booter.ForkedBooter.run(ForkedBooter.java:507)
at org.apache.maven.surefire.booter.ForkedBooter.main(ForkedBooter.java:495)
]]>
            </full-stacktrace>
          </exception> <!-- java.lang.Throwable -->
          <reporter-output>
          </reporter-output>
        </test-method> <!-- clickOnWidgets -->
        <test-method signature="clickOnPractice()[pri:2, instance:practice.widgetsTests.MenuTest@130c12b7]" started-at="2025-08-02T15:02:36 IST" name="clickOnPractice" finished-at="2025-08-02T15:02:36 IST" depends-on-methods="practice.widgetsTests.MenuTest.clickOnClose" duration-ms="0" status="SKIP">
          <exception class="java.lang.Throwable">
            <message>
              <![CDATA[Method practice.widgetsTests.MenuTest.clickOnPractice() on instance practice.widgetsTests.MenuTest@130c12b7 depends on not successfully finished methods 
[practice.widgetsTests.MenuTest.clickOnClose() on instance practice.widgetsTests.MenuTest@130c12b7]]]>
            </message>
            <full-stacktrace>
              <![CDATA[java.lang.Throwable: Method practice.widgetsTests.MenuTest.clickOnPractice() on instance practice.widgetsTests.MenuTest@130c12b7 depends on not successfully finished methods 
[practice.widgetsTests.MenuTest.clickOnClose() on instance practice.widgetsTests.MenuTest@130c12b7]
at org.testng.internal.invokers.TestInvoker.invokeTestMethods(TestInvoker.java:159)
at org.testng.internal.invokers.TestMethodWorker.invokeTestMethods(TestMethodWorker.java:154)
at org.testng.internal.invokers.TestMethodWorker.run(TestMethodWorker.java:134)
at java.base/java.util.ArrayList.forEach(ArrayList.java:1541)
at org.testng.TestRunner.privateRun(TestRunner.java:741)
at org.testng.TestRunner.run(TestRunner.java:616)
at org.testng.SuiteRunner.runTest(SuiteRunner.java:421)
at org.testng.SuiteRunner.runSequentially(SuiteRunner.java:413)
at org.testng.SuiteRunner.privateRun(SuiteRunner.java:373)
at org.testng.SuiteRunner.run(SuiteRunner.java:312)
at org.testng.SuiteRunnerWorker.runSuite(SuiteRunnerWorker.java:52)
at org.testng.SuiteRunnerWorker.run(SuiteRunnerWorker.java:95)
at org.testng.TestNG.runSuitesSequentially(TestNG.java:1274)
at org.testng.TestNG.runSuitesLocally(TestNG.java:1208)
at org.testng.TestNG.runSuites(TestNG.java:1112)
at org.testng.TestNG.run(TestNG.java:1079)
at org.apache.maven.surefire.testng.TestNGExecutor.run(TestNGExecutor.java:155)
at org.apache.maven.surefire.testng.TestNGDirectoryTestSuite.executeMulti(TestNGDirectoryTestSuite.java:169)
at org.apache.maven.surefire.testng.TestNGDirectoryTestSuite.execute(TestNGDirectoryTestSuite.java:88)
at org.apache.maven.surefire.testng.TestNGProvider.invoke(TestNGProvider.java:137)
at org.apache.maven.surefire.booter.ForkedBooter.runSuitesInProcess(ForkedBooter.java:385)
at org.apache.maven.surefire.booter.ForkedBooter.execute(ForkedBooter.java:162)
at org.apache.maven.surefire.booter.ForkedBooter.run(ForkedBooter.java:507)
at org.apache.maven.surefire.booter.ForkedBooter.main(ForkedBooter.java:495)
]]>
            </full-stacktrace>
          </exception> <!-- java.lang.Throwable -->
          <reporter-output>
          </reporter-output>
        </test-method> <!-- clickOnPractice -->
        <test-method signature="clickOnMenu()[pri:4, instance:practice.widgetsTests.MenuTest@130c12b7]" started-at="2025-08-02T15:02:36 IST" name="clickOnMenu" finished-at="2025-08-02T15:02:36 IST" depends-on-methods="practice.widgetsTests.MenuTest.clickOnWidgets" duration-ms="0" status="SKIP">
          <exception class="java.lang.Throwable">
            <message>
              <![CDATA[Method practice.widgetsTests.MenuTest.clickOnMenu() on instance practice.widgetsTests.MenuTest@130c12b7 depends on not successfully finished methods 
[practice.widgetsTests.MenuTest.clickOnWidgets() on instance practice.widgetsTests.MenuTest@130c12b7]]]>
            </message>
            <full-stacktrace>
              <![CDATA[java.lang.Throwable: Method practice.widgetsTests.MenuTest.clickOnMenu() on instance practice.widgetsTests.MenuTest@130c12b7 depends on not successfully finished methods 
[practice.widgetsTests.MenuTest.clickOnWidgets() on instance practice.widgetsTests.MenuTest@130c12b7]
at org.testng.internal.invokers.TestInvoker.invokeTestMethods(TestInvoker.java:159)
at org.testng.internal.invokers.TestMethodWorker.invokeTestMethods(TestMethodWorker.java:154)
at org.testng.internal.invokers.TestMethodWorker.run(TestMethodWorker.java:134)
at java.base/java.util.ArrayList.forEach(ArrayList.java:1541)
at org.testng.TestRunner.privateRun(TestRunner.java:741)
at org.testng.TestRunner.run(TestRunner.java:616)
at org.testng.SuiteRunner.runTest(SuiteRunner.java:421)
at org.testng.SuiteRunner.runSequentially(SuiteRunner.java:413)
at org.testng.SuiteRunner.privateRun(SuiteRunner.java:373)
at org.testng.SuiteRunner.run(SuiteRunner.java:312)
at org.testng.SuiteRunnerWorker.runSuite(SuiteRunnerWorker.java:52)
at org.testng.SuiteRunnerWorker.run(SuiteRunnerWorker.java:95)
at org.testng.TestNG.runSuitesSequentially(TestNG.java:1274)
at org.testng.TestNG.runSuitesLocally(TestNG.java:1208)
at org.testng.TestNG.runSuites(TestNG.java:1112)
at org.testng.TestNG.run(TestNG.java:1079)
at org.apache.maven.surefire.testng.TestNGExecutor.run(TestNGExecutor.java:155)
at org.apache.maven.surefire.testng.TestNGDirectoryTestSuite.executeMulti(TestNGDirectoryTestSuite.java:169)
at org.apache.maven.surefire.testng.TestNGDirectoryTestSuite.execute(TestNGDirectoryTestSuite.java:88)
at org.apache.maven.surefire.testng.TestNGProvider.invoke(TestNGProvider.java:137)
at org.apache.maven.surefire.booter.ForkedBooter.runSuitesInProcess(ForkedBooter.java:385)
at org.apache.maven.surefire.booter.ForkedBooter.execute(ForkedBooter.java:162)
at org.apache.maven.surefire.booter.ForkedBooter.run(ForkedBooter.java:507)
at org.apache.maven.surefire.booter.ForkedBooter.main(ForkedBooter.java:495)
]]>
            </full-stacktrace>
          </exception> <!-- java.lang.Throwable -->
          <reporter-output>
          </reporter-output>
        </test-method> <!-- clickOnMenu -->
        <test-method signature="chooseServicesUITest()[pri:5, instance:practice.widgetsTests.MenuTest@130c12b7]" started-at="2025-08-02T15:02:36 IST" name="chooseServicesUITest" finished-at="2025-08-02T15:02:36 IST" depends-on-methods="practice.widgetsTests.MenuTest.clickOnMenu" duration-ms="0" status="SKIP">
          <exception class="java.lang.Throwable">
            <message>
              <![CDATA[Method practice.widgetsTests.MenuTest.chooseServicesUITest() on instance practice.widgetsTests.MenuTest@130c12b7 depends on not successfully finished methods 
[practice.widgetsTests.MenuTest.clickOnMenu() on instance practice.widgetsTests.MenuTest@130c12b7]]]>
            </message>
            <full-stacktrace>
              <![CDATA[java.lang.Throwable: Method practice.widgetsTests.MenuTest.chooseServicesUITest() on instance practice.widgetsTests.MenuTest@130c12b7 depends on not successfully finished methods 
[practice.widgetsTests.MenuTest.clickOnMenu() on instance practice.widgetsTests.MenuTest@130c12b7]
at org.testng.internal.invokers.TestInvoker.invokeTestMethods(TestInvoker.java:159)
at org.testng.internal.invokers.TestMethodWorker.invokeTestMethods(TestMethodWorker.java:154)
at org.testng.internal.invokers.TestMethodWorker.run(TestMethodWorker.java:134)
at java.base/java.util.ArrayList.forEach(ArrayList.java:1541)
at org.testng.TestRunner.privateRun(TestRunner.java:741)
at org.testng.TestRunner.run(TestRunner.java:616)
at org.testng.SuiteRunner.runTest(SuiteRunner.java:421)
at org.testng.SuiteRunner.runSequentially(SuiteRunner.java:413)
at org.testng.SuiteRunner.privateRun(SuiteRunner.java:373)
at org.testng.SuiteRunner.run(SuiteRunner.java:312)
at org.testng.SuiteRunnerWorker.runSuite(SuiteRunnerWorker.java:52)
at org.testng.SuiteRunnerWorker.run(SuiteRunnerWorker.java:95)
at org.testng.TestNG.runSuitesSequentially(TestNG.java:1274)
at org.testng.TestNG.runSuitesLocally(TestNG.java:1208)
at org.testng.TestNG.runSuites(TestNG.java:1112)
at org.testng.TestNG.run(TestNG.java:1079)
at org.apache.maven.surefire.testng.TestNGExecutor.run(TestNGExecutor.java:155)
at org.apache.maven.surefire.testng.TestNGDirectoryTestSuite.executeMulti(TestNGDirectoryTestSuite.java:169)
at org.apache.maven.surefire.testng.TestNGDirectoryTestSuite.execute(TestNGDirectoryTestSuite.java:88)
at org.apache.maven.surefire.testng.TestNGProvider.invoke(TestNGProvider.java:137)
at org.apache.maven.surefire.booter.ForkedBooter.runSuitesInProcess(ForkedBooter.java:385)
at org.apache.maven.surefire.booter.ForkedBooter.execute(ForkedBooter.java:162)
at org.apache.maven.surefire.booter.ForkedBooter.run(ForkedBooter.java:507)
at org.apache.maven.surefire.booter.ForkedBooter.main(ForkedBooter.java:495)
]]>
            </full-stacktrace>
          </exception> <!-- java.lang.Throwable -->
          <reporter-output>
          </reporter-output>
        </test-method> <!-- chooseServicesUITest -->
      </class> <!-- practice.widgetsTests.MenuTest -->
      <class name="practice.widgetsTests.SelectMenuTest">
        <test-method is-config="true" signature="launch()[pri:0, instance:practice.widgetsTests.SelectMenuTest@5e600dd5]" started-at="2025-08-02T15:02:36 IST" name="launch" finished-at="2025-08-02T15:02:36 IST" duration-ms="0" status="SKIP">
          <reporter-output>
          </reporter-output>
        </test-method> <!-- launch -->
        <test-method signature="clickOnClose()[pri:1, instance:practice.widgetsTests.SelectMenuTest@5e600dd5]" started-at="2025-08-02T15:02:36 IST" name="clickOnClose" finished-at="2025-08-02T15:02:36 IST" duration-ms="0" status="SKIP">
          <exception class="org.testng.TestNGException">
            <message>
              <![CDATA[
Parameter 'browser' is required by BeforeTest on method launch but has not been marked @Optional or defined
]]>
            </message>
            <full-stacktrace>
              <![CDATA[org.testng.TestNGException: 
Parameter 'browser' is required by BeforeTest on method launch but has not been marked @Optional or defined

at org.testng.internal.Parameters.createParams(Parameters.java:264)
at org.testng.internal.Parameters.createParametersForMethod(Parameters.java:352)
at org.testng.internal.Parameters.createParameters(Parameters.java:690)
at org.testng.internal.Parameters.createConfigurationParameters(Parameters.java:163)
at org.testng.internal.invokers.ConfigInvoker.invokeConfigurations(ConfigInvoker.java:313)
at org.testng.TestRunner.invokeTestConfigurations(TestRunner.java:657)
at org.testng.TestRunner.beforeRun(TestRunner.java:646)
at org.testng.TestRunner.run(TestRunner.java:612)
at org.testng.SuiteRunner.runTest(SuiteRunner.java:421)
at org.testng.SuiteRunner.runSequentially(SuiteRunner.java:413)
at org.testng.SuiteRunner.privateRun(SuiteRunner.java:373)
at org.testng.SuiteRunner.run(SuiteRunner.java:312)
at org.testng.SuiteRunnerWorker.runSuite(SuiteRunnerWorker.java:52)
at org.testng.SuiteRunnerWorker.run(SuiteRunnerWorker.java:95)
at org.testng.TestNG.runSuitesSequentially(TestNG.java:1274)
at org.testng.TestNG.runSuitesLocally(TestNG.java:1208)
at org.testng.TestNG.runSuites(TestNG.java:1112)
at org.testng.TestNG.run(TestNG.java:1079)
at org.apache.maven.surefire.testng.TestNGExecutor.run(TestNGExecutor.java:155)
at org.apache.maven.surefire.testng.TestNGDirectoryTestSuite.executeMulti(TestNGDirectoryTestSuite.java:169)
at org.apache.maven.surefire.testng.TestNGDirectoryTestSuite.execute(TestNGDirectoryTestSuite.java:88)
at org.apache.maven.surefire.testng.TestNGProvider.invoke(TestNGProvider.java:137)
at org.apache.maven.surefire.booter.ForkedBooter.runSuitesInProcess(ForkedBooter.java:385)
at org.apache.maven.surefire.booter.ForkedBooter.execute(ForkedBooter.java:162)
at org.apache.maven.surefire.booter.ForkedBooter.run(ForkedBooter.java:507)
at org.apache.maven.surefire.booter.ForkedBooter.main(ForkedBooter.java:495)
]]>
            </full-stacktrace>
          </exception> <!-- org.testng.TestNGException -->
          <reporter-output>
          </reporter-output>
        </test-method> <!-- clickOnClose -->
        <test-method signature="clickOnPractice()[pri:2, instance:practice.widgetsTests.SelectMenuTest@5e600dd5]" started-at="2025-08-02T15:02:36 IST" name="clickOnPractice" finished-at="2025-08-02T15:02:36 IST" depends-on-methods="practice.widgetsTests.SelectMenuTest.clickOnClose" duration-ms="0" status="SKIP">
          <exception class="java.lang.Throwable">
            <message>
              <![CDATA[Method practice.widgetsTests.SelectMenuTest.clickOnPractice() on instance practice.widgetsTests.SelectMenuTest@5e600dd5 depends on not successfully finished methods 
[practice.widgetsTests.SelectMenuTest.clickOnClose() on instance practice.widgetsTests.SelectMenuTest@5e600dd5]]]>
            </message>
            <full-stacktrace>
              <![CDATA[java.lang.Throwable: Method practice.widgetsTests.SelectMenuTest.clickOnPractice() on instance practice.widgetsTests.SelectMenuTest@5e600dd5 depends on not successfully finished methods 
[practice.widgetsTests.SelectMenuTest.clickOnClose() on instance practice.widgetsTests.SelectMenuTest@5e600dd5]
at org.testng.internal.invokers.TestInvoker.invokeTestMethods(TestInvoker.java:159)
at org.testng.internal.invokers.TestMethodWorker.invokeTestMethods(TestMethodWorker.java:154)
at org.testng.internal.invokers.TestMethodWorker.run(TestMethodWorker.java:134)
at java.base/java.util.ArrayList.forEach(ArrayList.java:1541)
at org.testng.TestRunner.privateRun(TestRunner.java:741)
at org.testng.TestRunner.run(TestRunner.java:616)
at org.testng.SuiteRunner.runTest(SuiteRunner.java:421)
at org.testng.SuiteRunner.runSequentially(SuiteRunner.java:413)
at org.testng.SuiteRunner.privateRun(SuiteRunner.java:373)
at org.testng.SuiteRunner.run(SuiteRunner.java:312)
at org.testng.SuiteRunnerWorker.runSuite(SuiteRunnerWorker.java:52)
at org.testng.SuiteRunnerWorker.run(SuiteRunnerWorker.java:95)
at org.testng.TestNG.runSuitesSequentially(TestNG.java:1274)
at org.testng.TestNG.runSuitesLocally(TestNG.java:1208)
at org.testng.TestNG.runSuites(TestNG.java:1112)
at org.testng.TestNG.run(TestNG.java:1079)
at org.apache.maven.surefire.testng.TestNGExecutor.run(TestNGExecutor.java:155)
at org.apache.maven.surefire.testng.TestNGDirectoryTestSuite.executeMulti(TestNGDirectoryTestSuite.java:169)
at org.apache.maven.surefire.testng.TestNGDirectoryTestSuite.execute(TestNGDirectoryTestSuite.java:88)
at org.apache.maven.surefire.testng.TestNGProvider.invoke(TestNGProvider.java:137)
at org.apache.maven.surefire.booter.ForkedBooter.runSuitesInProcess(ForkedBooter.java:385)
at org.apache.maven.surefire.booter.ForkedBooter.execute(ForkedBooter.java:162)
at org.apache.maven.surefire.booter.ForkedBooter.run(ForkedBooter.java:507)
at org.apache.maven.surefire.booter.ForkedBooter.main(ForkedBooter.java:495)
]]>
            </full-stacktrace>
          </exception> <!-- java.lang.Throwable -->
          <reporter-output>
          </reporter-output>
        </test-method> <!-- clickOnPractice -->
        <test-method signature="clickOnWidgets()[pri:3, instance:practice.widgetsTests.SelectMenuTest@5e600dd5]" started-at="2025-08-02T15:02:36 IST" name="clickOnWidgets" finished-at="2025-08-02T15:02:36 IST" depends-on-methods="practice.widgetsTests.SelectMenuTest.clickOnPractice" duration-ms="0" status="SKIP">
          <exception class="java.lang.Throwable">
            <message>
              <![CDATA[Method practice.widgetsTests.SelectMenuTest.clickOnWidgets() on instance practice.widgetsTests.SelectMenuTest@5e600dd5 depends on not successfully finished methods 
[practice.widgetsTests.SelectMenuTest.clickOnPractice() on instance practice.widgetsTests.SelectMenuTest@5e600dd5]]]>
            </message>
            <full-stacktrace>
              <![CDATA[java.lang.Throwable: Method practice.widgetsTests.SelectMenuTest.clickOnWidgets() on instance practice.widgetsTests.SelectMenuTest@5e600dd5 depends on not successfully finished methods 
[practice.widgetsTests.SelectMenuTest.clickOnPractice() on instance practice.widgetsTests.SelectMenuTest@5e600dd5]
at org.testng.internal.invokers.TestInvoker.invokeTestMethods(TestInvoker.java:159)
at org.testng.internal.invokers.TestMethodWorker.invokeTestMethods(TestMethodWorker.java:154)
at org.testng.internal.invokers.TestMethodWorker.run(TestMethodWorker.java:134)
at java.base/java.util.ArrayList.forEach(ArrayList.java:1541)
at org.testng.TestRunner.privateRun(TestRunner.java:741)
at org.testng.TestRunner.run(TestRunner.java:616)
at org.testng.SuiteRunner.runTest(SuiteRunner.java:421)
at org.testng.SuiteRunner.runSequentially(SuiteRunner.java:413)
at org.testng.SuiteRunner.privateRun(SuiteRunner.java:373)
at org.testng.SuiteRunner.run(SuiteRunner.java:312)
at org.testng.SuiteRunnerWorker.runSuite(SuiteRunnerWorker.java:52)
at org.testng.SuiteRunnerWorker.run(SuiteRunnerWorker.java:95)
at org.testng.TestNG.runSuitesSequentially(TestNG.java:1274)
at org.testng.TestNG.runSuitesLocally(TestNG.java:1208)
at org.testng.TestNG.runSuites(TestNG.java:1112)
at org.testng.TestNG.run(TestNG.java:1079)
at org.apache.maven.surefire.testng.TestNGExecutor.run(TestNGExecutor.java:155)
at org.apache.maven.surefire.testng.TestNGDirectoryTestSuite.executeMulti(TestNGDirectoryTestSuite.java:169)
at org.apache.maven.surefire.testng.TestNGDirectoryTestSuite.execute(TestNGDirectoryTestSuite.java:88)
at org.apache.maven.surefire.testng.TestNGProvider.invoke(TestNGProvider.java:137)
at org.apache.maven.surefire.booter.ForkedBooter.runSuitesInProcess(ForkedBooter.java:385)
at org.apache.maven.surefire.booter.ForkedBooter.execute(ForkedBooter.java:162)
at org.apache.maven.surefire.booter.ForkedBooter.run(ForkedBooter.java:507)
at org.apache.maven.surefire.booter.ForkedBooter.main(ForkedBooter.java:495)
]]>
            </full-stacktrace>
          </exception> <!-- java.lang.Throwable -->
          <reporter-output>
          </reporter-output>
        </test-method> <!-- clickOnWidgets -->
        <test-method signature="clickOnSelectMenu()[pri:4, instance:practice.widgetsTests.SelectMenuTest@5e600dd5]" started-at="2025-08-02T15:02:36 IST" name="clickOnSelectMenu" finished-at="2025-08-02T15:02:36 IST" depends-on-methods="practice.widgetsTests.SelectMenuTest.clickOnWidgets" duration-ms="0" status="SKIP">
          <exception class="java.lang.Throwable">
            <message>
              <![CDATA[Method practice.widgetsTests.SelectMenuTest.clickOnSelectMenu() on instance practice.widgetsTests.SelectMenuTest@5e600dd5 depends on not successfully finished methods 
[practice.widgetsTests.SelectMenuTest.clickOnWidgets() on instance practice.widgetsTests.SelectMenuTest@5e600dd5]]]>
            </message>
            <full-stacktrace>
              <![CDATA[java.lang.Throwable: Method practice.widgetsTests.SelectMenuTest.clickOnSelectMenu() on instance practice.widgetsTests.SelectMenuTest@5e600dd5 depends on not successfully finished methods 
[practice.widgetsTests.SelectMenuTest.clickOnWidgets() on instance practice.widgetsTests.SelectMenuTest@5e600dd5]
at org.testng.internal.invokers.TestInvoker.invokeTestMethods(TestInvoker.java:159)
at org.testng.internal.invokers.TestMethodWorker.invokeTestMethods(TestMethodWorker.java:154)
at org.testng.internal.invokers.TestMethodWorker.run(TestMethodWorker.java:134)
at java.base/java.util.ArrayList.forEach(ArrayList.java:1541)
at org.testng.TestRunner.privateRun(TestRunner.java:741)
at org.testng.TestRunner.run(TestRunner.java:616)
at org.testng.SuiteRunner.runTest(SuiteRunner.java:421)
at org.testng.SuiteRunner.runSequentially(SuiteRunner.java:413)
at org.testng.SuiteRunner.privateRun(SuiteRunner.java:373)
at org.testng.SuiteRunner.run(SuiteRunner.java:312)
at org.testng.SuiteRunnerWorker.runSuite(SuiteRunnerWorker.java:52)
at org.testng.SuiteRunnerWorker.run(SuiteRunnerWorker.java:95)
at org.testng.TestNG.runSuitesSequentially(TestNG.java:1274)
at org.testng.TestNG.runSuitesLocally(TestNG.java:1208)
at org.testng.TestNG.runSuites(TestNG.java:1112)
at org.testng.TestNG.run(TestNG.java:1079)
at org.apache.maven.surefire.testng.TestNGExecutor.run(TestNGExecutor.java:155)
at org.apache.maven.surefire.testng.TestNGDirectoryTestSuite.executeMulti(TestNGDirectoryTestSuite.java:169)
at org.apache.maven.surefire.testng.TestNGDirectoryTestSuite.execute(TestNGDirectoryTestSuite.java:88)
at org.apache.maven.surefire.testng.TestNGProvider.invoke(TestNGProvider.java:137)
at org.apache.maven.surefire.booter.ForkedBooter.runSuitesInProcess(ForkedBooter.java:385)
at org.apache.maven.surefire.booter.ForkedBooter.execute(ForkedBooter.java:162)
at org.apache.maven.surefire.booter.ForkedBooter.run(ForkedBooter.java:507)
at org.apache.maven.surefire.booter.ForkedBooter.main(ForkedBooter.java:495)
]]>
            </full-stacktrace>
          </exception> <!-- java.lang.Throwable -->
          <reporter-output>
          </reporter-output>
        </test-method> <!-- clickOnSelectMenu -->
        <test-method signature="chooseSelectValueOptions()[pri:5, instance:practice.widgetsTests.SelectMenuTest@5e600dd5]" started-at="2025-08-02T15:02:36 IST" name="chooseSelectValueOptions" finished-at="2025-08-02T15:02:36 IST" depends-on-methods="practice.widgetsTests.SelectMenuTest.clickOnSelectMenu" duration-ms="0" status="SKIP">
          <exception class="java.lang.Throwable">
            <message>
              <![CDATA[Method practice.widgetsTests.SelectMenuTest.chooseSelectValueOptions() on instance practice.widgetsTests.SelectMenuTest@5e600dd5 depends on not successfully finished methods 
[practice.widgetsTests.SelectMenuTest.clickOnSelectMenu() on instance practice.widgetsTests.SelectMenuTest@5e600dd5]]]>
            </message>
            <full-stacktrace>
              <![CDATA[java.lang.Throwable: Method practice.widgetsTests.SelectMenuTest.chooseSelectValueOptions() on instance practice.widgetsTests.SelectMenuTest@5e600dd5 depends on not successfully finished methods 
[practice.widgetsTests.SelectMenuTest.clickOnSelectMenu() on instance practice.widgetsTests.SelectMenuTest@5e600dd5]
at org.testng.internal.invokers.TestInvoker.invokeTestMethods(TestInvoker.java:159)
at org.testng.internal.invokers.TestMethodWorker.invokeTestMethods(TestMethodWorker.java:154)
at org.testng.internal.invokers.TestMethodWorker.run(TestMethodWorker.java:134)
at java.base/java.util.ArrayList.forEach(ArrayList.java:1541)
at org.testng.TestRunner.privateRun(TestRunner.java:741)
at org.testng.TestRunner.run(TestRunner.java:616)
at org.testng.SuiteRunner.runTest(SuiteRunner.java:421)
at org.testng.SuiteRunner.runSequentially(SuiteRunner.java:413)
at org.testng.SuiteRunner.privateRun(SuiteRunner.java:373)
at org.testng.SuiteRunner.run(SuiteRunner.java:312)
at org.testng.SuiteRunnerWorker.runSuite(SuiteRunnerWorker.java:52)
at org.testng.SuiteRunnerWorker.run(SuiteRunnerWorker.java:95)
at org.testng.TestNG.runSuitesSequentially(TestNG.java:1274)
at org.testng.TestNG.runSuitesLocally(TestNG.java:1208)
at org.testng.TestNG.runSuites(TestNG.java:1112)
at org.testng.TestNG.run(TestNG.java:1079)
at org.apache.maven.surefire.testng.TestNGExecutor.run(TestNGExecutor.java:155)
at org.apache.maven.surefire.testng.TestNGDirectoryTestSuite.executeMulti(TestNGDirectoryTestSuite.java:169)
at org.apache.maven.surefire.testng.TestNGDirectoryTestSuite.execute(TestNGDirectoryTestSuite.java:88)
at org.apache.maven.surefire.testng.TestNGProvider.invoke(TestNGProvider.java:137)
at org.apache.maven.surefire.booter.ForkedBooter.runSuitesInProcess(ForkedBooter.java:385)
at org.apache.maven.surefire.booter.ForkedBooter.execute(ForkedBooter.java:162)
at org.apache.maven.surefire.booter.ForkedBooter.run(ForkedBooter.java:507)
at org.apache.maven.surefire.booter.ForkedBooter.main(ForkedBooter.java:495)
]]>
            </full-stacktrace>
          </exception> <!-- java.lang.Throwable -->
          <reporter-output>
          </reporter-output>
        </test-method> <!-- chooseSelectValueOptions -->
        <test-method signature="chooseSelectOneOption()[pri:6, instance:practice.widgetsTests.SelectMenuTest@5e600dd5]" started-at="2025-08-02T15:02:36 IST" name="chooseSelectOneOption" finished-at="2025-08-02T15:02:36 IST" depends-on-methods="practice.widgetsTests.SelectMenuTest.clickOnSelectMenu" duration-ms="0" status="SKIP">
          <exception class="java.lang.Throwable">
            <message>
              <![CDATA[Method practice.widgetsTests.SelectMenuTest.chooseSelectOneOption() on instance practice.widgetsTests.SelectMenuTest@5e600dd5 depends on not successfully finished methods 
[practice.widgetsTests.SelectMenuTest.clickOnSelectMenu() on instance practice.widgetsTests.SelectMenuTest@5e600dd5]]]>
            </message>
            <full-stacktrace>
              <![CDATA[java.lang.Throwable: Method practice.widgetsTests.SelectMenuTest.chooseSelectOneOption() on instance practice.widgetsTests.SelectMenuTest@5e600dd5 depends on not successfully finished methods 
[practice.widgetsTests.SelectMenuTest.clickOnSelectMenu() on instance practice.widgetsTests.SelectMenuTest@5e600dd5]
at org.testng.internal.invokers.TestInvoker.invokeTestMethods(TestInvoker.java:159)
at org.testng.internal.invokers.TestMethodWorker.invokeTestMethods(TestMethodWorker.java:154)
at org.testng.internal.invokers.TestMethodWorker.run(TestMethodWorker.java:134)
at java.base/java.util.ArrayList.forEach(ArrayList.java:1541)
at org.testng.TestRunner.privateRun(TestRunner.java:741)
at org.testng.TestRunner.run(TestRunner.java:616)
at org.testng.SuiteRunner.runTest(SuiteRunner.java:421)
at org.testng.SuiteRunner.runSequentially(SuiteRunner.java:413)
at org.testng.SuiteRunner.privateRun(SuiteRunner.java:373)
at org.testng.SuiteRunner.run(SuiteRunner.java:312)
at org.testng.SuiteRunnerWorker.runSuite(SuiteRunnerWorker.java:52)
at org.testng.SuiteRunnerWorker.run(SuiteRunnerWorker.java:95)
at org.testng.TestNG.runSuitesSequentially(TestNG.java:1274)
at org.testng.TestNG.runSuitesLocally(TestNG.java:1208)
at org.testng.TestNG.runSuites(TestNG.java:1112)
at org.testng.TestNG.run(TestNG.java:1079)
at org.apache.maven.surefire.testng.TestNGExecutor.run(TestNGExecutor.java:155)
at org.apache.maven.surefire.testng.TestNGDirectoryTestSuite.executeMulti(TestNGDirectoryTestSuite.java:169)
at org.apache.maven.surefire.testng.TestNGDirectoryTestSuite.execute(TestNGDirectoryTestSuite.java:88)
at org.apache.maven.surefire.testng.TestNGProvider.invoke(TestNGProvider.java:137)
at org.apache.maven.surefire.booter.ForkedBooter.runSuitesInProcess(ForkedBooter.java:385)
at org.apache.maven.surefire.booter.ForkedBooter.execute(ForkedBooter.java:162)
at org.apache.maven.surefire.booter.ForkedBooter.run(ForkedBooter.java:507)
at org.apache.maven.surefire.booter.ForkedBooter.main(ForkedBooter.java:495)
]]>
            </full-stacktrace>
          </exception> <!-- java.lang.Throwable -->
          <reporter-output>
          </reporter-output>
        </test-method> <!-- chooseSelectOneOption -->
        <test-method signature="chooseMultipleOptions()[pri:7, instance:practice.widgetsTests.SelectMenuTest@5e600dd5]" started-at="2025-08-02T15:02:36 IST" name="chooseMultipleOptions" finished-at="2025-08-02T15:02:36 IST" depends-on-methods="practice.widgetsTests.SelectMenuTest.clickOnSelectMenu" duration-ms="0" status="SKIP">
          <exception class="java.lang.Throwable">
            <message>
              <![CDATA[Method practice.widgetsTests.SelectMenuTest.chooseMultipleOptions() on instance practice.widgetsTests.SelectMenuTest@5e600dd5 depends on not successfully finished methods 
[practice.widgetsTests.SelectMenuTest.clickOnSelectMenu() on instance practice.widgetsTests.SelectMenuTest@5e600dd5]]]>
            </message>
            <full-stacktrace>
              <![CDATA[java.lang.Throwable: Method practice.widgetsTests.SelectMenuTest.chooseMultipleOptions() on instance practice.widgetsTests.SelectMenuTest@5e600dd5 depends on not successfully finished methods 
[practice.widgetsTests.SelectMenuTest.clickOnSelectMenu() on instance practice.widgetsTests.SelectMenuTest@5e600dd5]
at org.testng.internal.invokers.TestInvoker.invokeTestMethods(TestInvoker.java:159)
at org.testng.internal.invokers.TestMethodWorker.invokeTestMethods(TestMethodWorker.java:154)
at org.testng.internal.invokers.TestMethodWorker.run(TestMethodWorker.java:134)
at java.base/java.util.ArrayList.forEach(ArrayList.java:1541)
at org.testng.TestRunner.privateRun(TestRunner.java:741)
at org.testng.TestRunner.run(TestRunner.java:616)
at org.testng.SuiteRunner.runTest(SuiteRunner.java:421)
at org.testng.SuiteRunner.runSequentially(SuiteRunner.java:413)
at org.testng.SuiteRunner.privateRun(SuiteRunner.java:373)
at org.testng.SuiteRunner.run(SuiteRunner.java:312)
at org.testng.SuiteRunnerWorker.runSuite(SuiteRunnerWorker.java:52)
at org.testng.SuiteRunnerWorker.run(SuiteRunnerWorker.java:95)
at org.testng.TestNG.runSuitesSequentially(TestNG.java:1274)
at org.testng.TestNG.runSuitesLocally(TestNG.java:1208)
at org.testng.TestNG.runSuites(TestNG.java:1112)
at org.testng.TestNG.run(TestNG.java:1079)
at org.apache.maven.surefire.testng.TestNGExecutor.run(TestNGExecutor.java:155)
at org.apache.maven.surefire.testng.TestNGDirectoryTestSuite.executeMulti(TestNGDirectoryTestSuite.java:169)
at org.apache.maven.surefire.testng.TestNGDirectoryTestSuite.execute(TestNGDirectoryTestSuite.java:88)
at org.apache.maven.surefire.testng.TestNGProvider.invoke(TestNGProvider.java:137)
at org.apache.maven.surefire.booter.ForkedBooter.runSuitesInProcess(ForkedBooter.java:385)
at org.apache.maven.surefire.booter.ForkedBooter.execute(ForkedBooter.java:162)
at org.apache.maven.surefire.booter.ForkedBooter.run(ForkedBooter.java:507)
at org.apache.maven.surefire.booter.ForkedBooter.main(ForkedBooter.java:495)
]]>
            </full-stacktrace>
          </exception> <!-- java.lang.Throwable -->
          <reporter-output>
          </reporter-output>
        </test-method> <!-- chooseMultipleOptions -->
      </class> <!-- practice.widgetsTests.SelectMenuTest -->
      <class name="practice.alertsFrameAndWindowsTests.NestedFramesTest">
        <test-method is-config="true" signature="launch()[pri:0, instance:practice.alertsFrameAndWindowsTests.NestedFramesTest@3f6f6701]" started-at="2025-08-02T15:02:32 IST" name="launch" finished-at="2025-08-02T15:02:36 IST" duration-ms="4578" status="PASS">
          <reporter-output>
          </reporter-output>
        </test-method> <!-- launch -->
        <test-method signature="clickOnClose()[pri:1, instance:practice.alertsFrameAndWindowsTests.NestedFramesTest@3f6f6701]" started-at="2025-08-02T15:02:36 IST" name="clickOnClose" finished-at="2025-08-02T15:02:36 IST" duration-ms="0" status="SKIP">
          <exception class="org.testng.TestNGException">
            <message>
              <![CDATA[
Parameter 'browser' is required by BeforeTest on method launch but has not been marked @Optional or defined
]]>
            </message>
            <full-stacktrace>
              <![CDATA[org.testng.TestNGException: 
Parameter 'browser' is required by BeforeTest on method launch but has not been marked @Optional or defined

at org.testng.internal.Parameters.createParams(Parameters.java:264)
at org.testng.internal.Parameters.createParametersForMethod(Parameters.java:352)
at org.testng.internal.Parameters.createParameters(Parameters.java:690)
at org.testng.internal.Parameters.createConfigurationParameters(Parameters.java:163)
at org.testng.internal.invokers.ConfigInvoker.invokeConfigurations(ConfigInvoker.java:313)
at org.testng.TestRunner.invokeTestConfigurations(TestRunner.java:657)
at org.testng.TestRunner.beforeRun(TestRunner.java:646)
at org.testng.TestRunner.run(TestRunner.java:612)
at org.testng.SuiteRunner.runTest(SuiteRunner.java:421)
at org.testng.SuiteRunner.runSequentially(SuiteRunner.java:413)
at org.testng.SuiteRunner.privateRun(SuiteRunner.java:373)
at org.testng.SuiteRunner.run(SuiteRunner.java:312)
at org.testng.SuiteRunnerWorker.runSuite(SuiteRunnerWorker.java:52)
at org.testng.SuiteRunnerWorker.run(SuiteRunnerWorker.java:95)
at org.testng.TestNG.runSuitesSequentially(TestNG.java:1274)
at org.testng.TestNG.runSuitesLocally(TestNG.java:1208)
at org.testng.TestNG.runSuites(TestNG.java:1112)
at org.testng.TestNG.run(TestNG.java:1079)
at org.apache.maven.surefire.testng.TestNGExecutor.run(TestNGExecutor.java:155)
at org.apache.maven.surefire.testng.TestNGDirectoryTestSuite.executeMulti(TestNGDirectoryTestSuite.java:169)
at org.apache.maven.surefire.testng.TestNGDirectoryTestSuite.execute(TestNGDirectoryTestSuite.java:88)
at org.apache.maven.surefire.testng.TestNGProvider.invoke(TestNGProvider.java:137)
at org.apache.maven.surefire.booter.ForkedBooter.runSuitesInProcess(ForkedBooter.java:385)
at org.apache.maven.surefire.booter.ForkedBooter.execute(ForkedBooter.java:162)
at org.apache.maven.surefire.booter.ForkedBooter.run(ForkedBooter.java:507)
at org.apache.maven.surefire.booter.ForkedBooter.main(ForkedBooter.java:495)
]]>
            </full-stacktrace>
          </exception> <!-- org.testng.TestNGException -->
          <reporter-output>
          </reporter-output>
        </test-method> <!-- clickOnClose -->
        <test-method signature="clickOnAlertsFrameAndWindows()[pri:3, instance:practice.alertsFrameAndWindowsTests.NestedFramesTest@3f6f6701]" started-at="2025-08-02T15:02:36 IST" name="clickOnAlertsFrameAndWindows" finished-at="2025-08-02T15:02:36 IST" depends-on-methods="practice.alertsFrameAndWindowsTests.NestedFramesTest.clickOnPractice" duration-ms="0" status="SKIP">
          <exception class="java.lang.Throwable">
            <message>
              <![CDATA[Method practice.alertsFrameAndWindowsTests.NestedFramesTest.clickOnAlertsFrameAndWindows() on instance practice.alertsFrameAndWindowsTests.NestedFramesTest@3f6f6701 depends on not successfully finished methods 
[practice.alertsFrameAndWindowsTests.NestedFramesTest.clickOnPractice() on instance practice.alertsFrameAndWindowsTests.NestedFramesTest@3f6f6701]]]>
            </message>
            <full-stacktrace>
              <![CDATA[java.lang.Throwable: Method practice.alertsFrameAndWindowsTests.NestedFramesTest.clickOnAlertsFrameAndWindows() on instance practice.alertsFrameAndWindowsTests.NestedFramesTest@3f6f6701 depends on not successfully finished methods 
[practice.alertsFrameAndWindowsTests.NestedFramesTest.clickOnPractice() on instance practice.alertsFrameAndWindowsTests.NestedFramesTest@3f6f6701]
at org.testng.internal.invokers.TestInvoker.invokeTestMethods(TestInvoker.java:159)
at org.testng.internal.invokers.TestMethodWorker.invokeTestMethods(TestMethodWorker.java:154)
at org.testng.internal.invokers.TestMethodWorker.run(TestMethodWorker.java:134)
at java.base/java.util.ArrayList.forEach(ArrayList.java:1541)
at org.testng.TestRunner.privateRun(TestRunner.java:741)
at org.testng.TestRunner.run(TestRunner.java:616)
at org.testng.SuiteRunner.runTest(SuiteRunner.java:421)
at org.testng.SuiteRunner.runSequentially(SuiteRunner.java:413)
at org.testng.SuiteRunner.privateRun(SuiteRunner.java:373)
at org.testng.SuiteRunner.run(SuiteRunner.java:312)
at org.testng.SuiteRunnerWorker.runSuite(SuiteRunnerWorker.java:52)
at org.testng.SuiteRunnerWorker.run(SuiteRunnerWorker.java:95)
at org.testng.TestNG.runSuitesSequentially(TestNG.java:1274)
at org.testng.TestNG.runSuitesLocally(TestNG.java:1208)
at org.testng.TestNG.runSuites(TestNG.java:1112)
at org.testng.TestNG.run(TestNG.java:1079)
at org.apache.maven.surefire.testng.TestNGExecutor.run(TestNGExecutor.java:155)
at org.apache.maven.surefire.testng.TestNGDirectoryTestSuite.executeMulti(TestNGDirectoryTestSuite.java:169)
at org.apache.maven.surefire.testng.TestNGDirectoryTestSuite.execute(TestNGDirectoryTestSuite.java:88)
at org.apache.maven.surefire.testng.TestNGProvider.invoke(TestNGProvider.java:137)
at org.apache.maven.surefire.booter.ForkedBooter.runSuitesInProcess(ForkedBooter.java:385)
at org.apache.maven.surefire.booter.ForkedBooter.execute(ForkedBooter.java:162)
at org.apache.maven.surefire.booter.ForkedBooter.run(ForkedBooter.java:507)
at org.apache.maven.surefire.booter.ForkedBooter.main(ForkedBooter.java:495)
]]>
            </full-stacktrace>
          </exception> <!-- java.lang.Throwable -->
          <reporter-output>
          </reporter-output>
        </test-method> <!-- clickOnAlertsFrameAndWindows -->
        <test-method signature="clickOnPractice()[pri:2, instance:practice.alertsFrameAndWindowsTests.NestedFramesTest@3f6f6701]" started-at="2025-08-02T15:02:36 IST" name="clickOnPractice" finished-at="2025-08-02T15:02:36 IST" depends-on-methods="practice.alertsFrameAndWindowsTests.NestedFramesTest.clickOnClose" duration-ms="0" status="SKIP">
          <exception class="java.lang.Throwable">
            <message>
              <![CDATA[Method practice.alertsFrameAndWindowsTests.NestedFramesTest.clickOnPractice() on instance practice.alertsFrameAndWindowsTests.NestedFramesTest@3f6f6701 depends on not successfully finished methods 
[practice.alertsFrameAndWindowsTests.NestedFramesTest.clickOnClose() on instance practice.alertsFrameAndWindowsTests.NestedFramesTest@3f6f6701]]]>
            </message>
            <full-stacktrace>
              <![CDATA[java.lang.Throwable: Method practice.alertsFrameAndWindowsTests.NestedFramesTest.clickOnPractice() on instance practice.alertsFrameAndWindowsTests.NestedFramesTest@3f6f6701 depends on not successfully finished methods 
[practice.alertsFrameAndWindowsTests.NestedFramesTest.clickOnClose() on instance practice.alertsFrameAndWindowsTests.NestedFramesTest@3f6f6701]
at org.testng.internal.invokers.TestInvoker.invokeTestMethods(TestInvoker.java:159)
at org.testng.internal.invokers.TestMethodWorker.invokeTestMethods(TestMethodWorker.java:154)
at org.testng.internal.invokers.TestMethodWorker.run(TestMethodWorker.java:134)
at java.base/java.util.ArrayList.forEach(ArrayList.java:1541)
[...]
at org.apache.maven.surefire.booter.ForkedBooter.main(ForkedBooter.java:495)
]]>
            </full-stacktrace>
          </exception> <!-- org.testng.TestNGException -->
          <reporter-output>
          </reporter-output>
        </test-method> <!-- clickOnPromptAndCancel -->
      </class> <!-- practice.alertsFrameAndWindowsTests.AlertsTest -->
      <class name="practice.elementsTests.RadioButtonTest">
        <test-method is-config="true" signature="launch()[pri:0, instance:practice.elementsTests.RadioButtonTest@534a5a98]" started-at="2025-08-02T15:02:36 IST" name="launch" finished-at="2025-08-02T15:02:36 IST" duration-ms="0" status="SKIP">
          <reporter-output>
          </reporter-output>
        </test-method> <!-- launch -->
        <test-method signature="clickOnClose()[pri:1, instance:practice.elementsTests.RadioButtonTest@534a5a98]" started-at="2025-08-02T15:02:36 IST" name="clickOnClose" finished-at="2025-08-02T15:02:36 IST" duration-ms="0" status="SKIP">
          <exception class="org.testng.TestNGException">
            <message>
              <![CDATA[
Parameter 'browser' is required by BeforeTest on method launch but has not been marked @Optional or defined
]]>
            </message>
            <full-stacktrace>
              <![CDATA[org.testng.TestNGException: 
Parameter 'browser' is required by BeforeTest on method launch but has not been marked @Optional or defined

at org.testng.internal.Parameters.createParams(Parameters.java:264)
at org.testng.internal.Parameters.createParametersForMethod(Parameters.java:352)
at org.testng.internal.Parameters.createParameters(Parameters.java:690)
at org.testng.internal.Parameters.createConfigurationParameters(Parameters.java:163)
at org.testng.internal.invokers.ConfigInvoker.invokeConfigurations(ConfigInvoker.java:313)
at org.testng.TestRunner.invokeTestConfigurations(TestRunner.java:657)
at org.testng.TestRunner.beforeRun(TestRunner.java:646)
at org.testng.TestRunner.run(TestRunner.java:612)
at org.testng.SuiteRunner.runTest(SuiteRunner.java:421)
at org.testng.SuiteRunner.runSequentially(SuiteRunner.java:413)
at org.testng.SuiteRunner.privateRun(SuiteRunner.java:373)
at org.testng.SuiteRunner.run(SuiteRunner.java:312)
at org.testng.SuiteRunnerWorker.runSuite(SuiteRunnerWorker.java:52)
at org.testng.SuiteRunnerWorker.run(SuiteRunnerWorker.java:95)
at org.testng.TestNG.runSuitesSequentially(TestNG.java:1274)
at org.testng.TestNG.runSuitesLocally(TestNG.java:1208)
at org.testng.TestNG.runSuites(TestNG.java:1112)
at org.testng.TestNG.run(TestNG.java:1079)
at org.apache.maven.surefire.testng.TestNGExecutor.run(TestNGExecutor.java:155)
at org.apache.maven.surefire.testng.TestNGDirectoryTestSuite.executeMulti(TestNGDirectoryTestSuite.java:169)
at org.apache.maven.surefire.testng.TestNGDirectoryTestSuite.execute(TestNGDirectoryTestSuite.java:88)
at org.apache.maven.surefire.testng.TestNGProvider.invoke(TestNGProvider.java:137)
at org.apache.maven.surefire.booter.ForkedBooter.runSuitesInProcess(ForkedBooter.java:385)
at org.apache.maven.surefire.booter.ForkedBooter.execute(ForkedBooter.java:162)
at org.apache.maven.surefire.booter.ForkedBooter.run(ForkedBooter.java:507)
at org.apache.maven.surefire.booter.ForkedBooter.main(ForkedBooter.java:495)
]]>
            </full-stacktrace>
          </exception> <!-- org.testng.TestNGException -->
          <reporter-output>
          </reporter-output>
        </test-method> <!-- clickOnClose -->
        <test-method signature="clickOnPractice()[pri:2, instance:practice.elementsTests.RadioButtonTest@534a5a98]" started-at="2025-08-02T15:02:36 IST" name="clickOnPractice" finished-at="2025-08-02T15:02:36 IST" duration-ms="0" status="SKIP">
          <exception class="org.testng.TestNGException">
            <message>
              <![CDATA[
Parameter 'browser' is required by BeforeTest on method launch but has not been marked @Optional or defined
]]>
            </message>
            <full-stacktrace>
              <![CDATA[org.testng.TestNGException: 
Parameter 'browser' is required by BeforeTest on method launch but has not been marked @Optional or defined

at org.testng.internal.Parameters.createParams(Parameters.java:264)
at org.testng.internal.Parameters.createParametersForMethod(Parameters.java:352)
at org.testng.internal.Parameters.createParameters(Parameters.java:690)
at org.testng.internal.Parameters.createConfigurationParameters(Parameters.java:163)
at org.testng.internal.invokers.ConfigInvoker.invokeConfigurations(ConfigInvoker.java:313)
at org.testng.TestRunner.invokeTestConfigurations(TestRunner.java:657)
at org.testng.TestRunner.beforeRun(TestRunner.java:646)
at org.testng.TestRunner.run(TestRunner.java:612)
at org.testng.SuiteRunner.runTest(SuiteRunner.java:421)
at org.testng.SuiteRunner.runSequentially(SuiteRunner.java:413)
at org.testng.SuiteRunner.privateRun(SuiteRunner.java:373)
at org.testng.SuiteRunner.run(SuiteRunner.java:312)
at org.testng.SuiteRunnerWorker.runSuite(SuiteRunnerWorker.java:52)
at org.testng.SuiteRunnerWorker.run(SuiteRunnerWorker.java:95)
at org.testng.TestNG.runSuitesSequentially(TestNG.java:1274)
at org.testng.TestNG.runSuitesLocally(TestNG.java:1208)
at org.testng.TestNG.runSuites(TestNG.java:1112)
at org.testng.TestNG.run(TestNG.java:1079)
at org.apache.maven.surefire.testng.TestNGExecutor.run(TestNGExecutor.java:155)
at org.apache.maven.surefire.testng.TestNGDirectoryTestSuite.executeMulti(TestNGDirectoryTestSuite.java:169)
at org.apache.maven.surefire.testng.TestNGDirectoryTestSuite.execute(TestNGDirectoryTestSuite.java:88)
at org.apache.maven.surefire.testng.TestNGProvider.invoke(TestNGProvider.java:137)
at org.apache.maven.surefire.booter.ForkedBooter.runSuitesInProcess(ForkedBooter.java:385)
at org.apache.maven.surefire.booter.ForkedBooter.execute(ForkedBooter.java:162)
at org.apache.maven.surefire.booter.ForkedBooter.run(ForkedBooter.java:507)
at org.apache.maven.surefire.booter.ForkedBooter.main(ForkedBooter.java:495)
]]>
            </full-stacktrace>
          </exception> <!-- org.testng.TestNGException -->
          <reporter-output>
          </reporter-output>
        </test-method> <!-- clickOnPractice -->
        <test-method signature="clickOnElements()[pri:3, instance:practice.elementsTests.RadioButtonTest@534a5a98]" started-at="2025-08-02T15:02:36 IST" name="clickOnElements" finished-at="2025-08-02T15:02:36 IST" duration-ms="0" status="SKIP">
          <exception class="org.testng.TestNGException">
            <message>
              <![CDATA[
Parameter 'browser' is required by BeforeTest on method launch but has not been marked @Optional or defined
]]>
            </message>
            <full-stacktrace>
              <![CDATA[org.testng.TestNGException: 
Parameter 'browser' is required by BeforeTest on method launch but has not been marked @Optional or defined

at org.testng.internal.Parameters.createParams(Parameters.java:264)
at org.testng.internal.Parameters.createParametersForMethod(Parameters.java:352)
at org.testng.internal.Parameters.createParameters(Parameters.java:690)
at org.testng.internal.Parameters.createConfigurationParameters(Parameters.java:163)
at org.testng.internal.invokers.ConfigInvoker.invokeConfigurations(ConfigInvoker.java:313)
at org.testng.TestRunner.invokeTestConfigurations(TestRunner.java:657)
at org.testng.TestRunner.beforeRun(TestRunner.java:646)
at org.testng.TestRunner.run(TestRunner.java:612)
at org.testng.SuiteRunner.runTest(SuiteRunner.java:421)
at org.testng.SuiteRunner.runSequentially(SuiteRunner.java:413)
at org.testng.SuiteRunner.privateRun(SuiteRunner.java:373)
at org.testng.SuiteRunner.run(SuiteRunner.java:312)
at org.testng.SuiteRunnerWorker.runSuite(SuiteRunnerWorker.java:52)
at org.testng.SuiteRunnerWorker.run(SuiteRunnerWorker.java:95)
at org.testng.TestNG.runSuitesSequentially(TestNG.java:1274)
at org.testng.TestNG.runSuitesLocally(TestNG.java:1208)
at org.testng.TestNG.runSuites(TestNG.java:1112)
at org.testng.TestNG.run(TestNG.java:1079)
at org.apache.maven.surefire.testng.TestNGExecutor.run(TestNGExecutor.java:155)
at org.apache.maven.surefire.testng.TestNGDirectoryTestSuite.executeMulti(TestNGDirectoryTestSuite.java:169)
at org.apache.maven.surefire.testng.TestNGDirectoryTestSuite.execute(TestNGDirectoryTestSuite.java:88)
at org.apache.maven.surefire.testng.TestNGProvider.invoke(TestNGProvider.java:137)
at org.apache.maven.surefire.booter.ForkedBooter.runSuitesInProcess(ForkedBooter.java:385)
at org.apache.maven.surefire.booter.ForkedBooter.execute(ForkedBooter.java:162)
at org.apache.maven.surefire.booter.ForkedBooter.run(ForkedBooter.java:507)
at org.apache.maven.surefire.booter.ForkedBooter.main(ForkedBooter.java:495)
]]>
            </full-stacktrace>
          </exception> <!-- org.testng.TestNGException -->
          <reporter-output>
          </reporter-output>
        </test-method> <!-- clickOnElements -->
        <test-method signature="clickOnRadioButtons()[pri:4, instance:practice.elementsTests.RadioButtonTest@534a5a98]" started-at="2025-08-02T15:02:36 IST" name="clickOnRadioButtons" finished-at="2025-08-02T15:02:36 IST" duration-ms="0" status="SKIP">
          <exception class="org.testng.TestNGException">
            <message>
              <![CDATA[
Parameter 'browser' is required by BeforeTest on method launch but has not been marked @Optional or defined
]]>
            </message>
            <full-stacktrace>
              <![CDATA[org.testng.TestNGException: 
Parameter 'browser' is required by BeforeTest on method launch but has not been marked @Optional or defined

at org.testng.internal.Parameters.createParams(Parameters.java:264)
at org.testng.internal.Parameters.createParametersForMethod(Parameters.java:352)
at org.testng.internal.Parameters.createParameters(Parameters.java:690)
at org.testng.internal.Parameters.createConfigurationParameters(Parameters.java:163)
at org.testng.internal.invokers.ConfigInvoker.invokeConfigurations(ConfigInvoker.java:313)
at org.testng.TestRunner.invokeTestConfigurations(TestRunner.java:657)
at org.testng.TestRunner.beforeRun(TestRunner.java:646)
at org.testng.TestRunner.run(TestRunner.java:612)
at org.testng.SuiteRunner.runTest(SuiteRunner.java:421)
at org.testng.SuiteRunner.runSequentially(SuiteRunner.java:413)
at org.testng.SuiteRunner.privateRun(SuiteRunner.java:373)
at org.testng.SuiteRunner.run(SuiteRunner.java:312)
at org.testng.SuiteRunnerWorker.runSuite(SuiteRunnerWorker.java:52)
at org.testng.SuiteRunnerWorker.run(SuiteRunnerWorker.java:95)
at org.testng.TestNG.runSuitesSequentially(TestNG.java:1274)
at org.testng.TestNG.runSuitesLocally(TestNG.java:1208)
at org.testng.TestNG.runSuites(TestNG.java:1112)
at org.testng.TestNG.run(TestNG.java:1079)
at org.apache.maven.surefire.testng.TestNGExecutor.run(TestNGExecutor.java:155)
at org.apache.maven.surefire.testng.TestNGDirectoryTestSuite.executeMulti(TestNGDirectoryTestSuite.java:169)
at org.apache.maven.surefire.testng.TestNGDirectoryTestSuite.execute(TestNGDirectoryTestSuite.java:88)
at org.apache.maven.surefire.testng.TestNGProvider.invoke(TestNGProvider.java:137)
at org.apache.maven.surefire.booter.ForkedBooter.runSuitesInProcess(ForkedBooter.java:385)
at org.apache.maven.surefire.booter.ForkedBooter.execute(ForkedBooter.java:162)
at org.apache.maven.surefire.booter.ForkedBooter.run(ForkedBooter.java:507)
at org.apache.maven.surefire.booter.ForkedBooter.main(ForkedBooter.java:495)
]]>
            </full-stacktrace>
          </exception> <!-- org.testng.TestNGException -->
          <reporter-output>
          </reporter-output>
        </test-method> <!-- clickOnRadioButtons -->
        <test-method signature="clickOnYesRadioButton()[pri:5, instance:practice.elementsTests.RadioButtonTest@534a5a98]" started-at="2025-08-02T15:02:36 IST" name="clickOnYesRadioButton" finished-at="2025-08-02T15:02:36 IST" duration-ms="0" status="SKIP">
          <exception class="org.testng.TestNGException">
            <message>
              <![CDATA[
Parameter 'browser' is required by BeforeTest on method launch but has not been marked @Optional or defined
]]>
            </message>
            <full-stacktrace>
              <![CDATA[org.testng.TestNGException: 
Parameter 'browser' is required by BeforeTest on method launch but has not been marked @Optional or defined

at org.testng.internal.Parameters.createParams(Parameters.java:264)
at org.testng.internal.Parameters.createParametersForMethod(Parameters.java:352)
at org.testng.internal.Parameters.createParameters(Parameters.java:690)
at org.testng.internal.Parameters.createConfigurationParameters(Parameters.java:163)
at org.testng.internal.invokers.ConfigInvoker.invokeConfigurations(ConfigInvoker.java:313)
at org.testng.TestRunner.invokeTestConfigurations(TestRunner.java:657)
at org.testng.TestRunner.beforeRun(TestRunner.java:646)
at org.testng.TestRunner.run(TestRunner.java:612)
at org.testng.SuiteRunner.runTest(SuiteRunner.java:421)
at org.testng.SuiteRunner.runSequentially(SuiteRunner.java:413)
at org.testng.SuiteRunner.privateRun(SuiteRunner.java:373)
at org.testng.SuiteRunner.run(SuiteRunner.java:312)
at org.testng.SuiteRunnerWorker.runSuite(SuiteRunnerWorker.java:52)
at org.testng.SuiteRunnerWorker.run(SuiteRunnerWorker.java:95)
at org.testng.TestNG.runSuitesSequentially(TestNG.java:1274)
at org.testng.TestNG.runSuitesLocally(TestNG.java:1208)
at org.testng.TestNG.runSuites(TestNG.java:1112)
at org.testng.TestNG.run(TestNG.java:1079)
at org.apache.maven.surefire.testng.TestNGExecutor.run(TestNGExecutor.java:155)
at org.apache.maven.surefire.testng.TestNGDirectoryTestSuite.executeMulti(TestNGDirectoryTestSuite.java:169)
at org.apache.maven.surefire.testng.TestNGDirectoryTestSuite.execute(TestNGDirectoryTestSuite.java:88)
at org.apache.maven.surefire.testng.TestNGProvider.invoke(TestNGProvider.java:137)
at org.apache.maven.surefire.booter.ForkedBooter.runSuitesInProcess(ForkedBooter.java:385)
at org.apache.maven.surefire.booter.ForkedBooter.execute(ForkedBooter.java:162)
at org.apache.maven.surefire.booter.ForkedBooter.run(ForkedBooter.java:507)
at org.apache.maven.surefire.booter.ForkedBooter.main(ForkedBooter.java:495)
]]>
            </full-stacktrace>
          </exception> <!-- org.testng.TestNGException -->
          <reporter-output>
          </reporter-output>
        </test-method> <!-- clickOnYesRadioButton -->
        <test-method signature="clickOnImpressiveRadioButton()[pri:6, instance:practice.elementsTests.RadioButtonTest@534a5a98]" started-at="2025-08-02T15:02:36 IST" name="clickOnImpressiveRadioButton" finished-at="2025-08-02T15:02:36 IST" duration-ms="1" status="SKIP">
          <exception class="org.testng.TestNGException">
            <message>
              <![CDATA[
Parameter 'browser' is required by BeforeTest on method launch but has not been marked @Optional or defined
]]>
            </message>
            <full-stacktrace>
              <![CDATA[org.testng.TestNGException: 
Parameter 'browser' is required by BeforeTest on method launch but has not been marked @Optional or defined

at org.testng.internal.Parameters.createParams(Parameters.java:264)
at org.testng.internal.Parameters.createParametersForMethod(Parameters.java:352)
at org.testng.internal.Parameters.createParameters(Parameters.java:690)
at org.testng.internal.Parameters.createConfigurationParameters(Parameters.java:163)
at org.testng.internal.invokers.ConfigInvoker.invokeConfigurations(ConfigInvoker.java:313)
at org.testng.TestRunner.invokeTestConfigurations(TestRunner.java:657)
at org.testng.TestRunner.beforeRun(TestRunner.java:646)
at org.testng.TestRunner.run(TestRunner.java:612)
at org.testng.SuiteRunner.runTest(SuiteRunner.java:421)
at org.testng.SuiteRunner.runSequentially(SuiteRunner.java:413)
at org.testng.SuiteRunner.privateRun(SuiteRunner.java:373)
at org.testng.SuiteRunner.run(SuiteRunner.java:312)
at org.testng.SuiteRunnerWorker.runSuite(SuiteRunnerWorker.java:52)
at org.testng.SuiteRunnerWorker.run(SuiteRunnerWorker.java:95)
at org.testng.TestNG.runSuitesSequentially(TestNG.java:1274)
at org.testng.TestNG.runSuitesLocally(TestNG.java:1208)
at org.testng.TestNG.runSuites(TestNG.java:1112)
at org.testng.TestNG.run(TestNG.java:1079)
at org.apache.maven.surefire.testng.TestNGExecutor.run(TestNGExecutor.java:155)
at org.apache.maven.surefire.testng.TestNGDirectoryTestSuite.executeMulti(TestNGDirectoryTestSuite.java:169)
at org.apache.maven.surefire.testng.TestNGDirectoryTestSuite.execute(TestNGDirectoryTestSuite.java:88)
at org.apache.maven.surefire.testng.TestNGProvider.invoke(TestNGProvider.java:137)
at org.apache.maven.surefire.booter.ForkedBooter.runSuitesInProcess(ForkedBooter.java:385)
at org.apache.maven.surefire.booter.ForkedBooter.execute(ForkedBooter.java:162)
at org.apache.maven.surefire.booter.ForkedBooter.run(ForkedBooter.java:507)
at org.apache.maven.surefire.booter.ForkedBooter.main(ForkedBooter.java:495)
]]>
            </full-stacktrace>
          </exception> <!-- org.testng.TestNGException -->
          <reporter-output>
          </reporter-output>
        </test-method> <!-- clickOnImpressiveRadioButton -->
        <test-method signature="clickOnNoRadioButton()[pri:7, instance:practice.elementsTests.RadioButtonTest@534a5a98]" started-at="2025-08-02T15:02:36 IST" name="clickOnNoRadioButton" finished-at="2025-08-02T15:02:36 IST" duration-ms="0" status="SKIP">
          <exception class="org.testng.TestNGException">
            <message>
              <![CDATA[
Parameter 'browser' is required by BeforeTest on method launch but has not been marked @Optional or defined
]]>
            </message>
            <full-stacktrace>
              <![CDATA[org.testng.TestNGException: 
Parameter 'browser' is required by BeforeTest on method launch but has not been marked @Optional or defined

at org.testng.internal.Parameters.createParams(Parameters.java:264)
at org.testng.internal.Parameters.createParametersForMethod(Parameters.java:352)
at org.testng.internal.Parameters.createParameters(Parameters.java:690)
at org.testng.internal.Parameters.createConfigurationParameters(Parameters.java:163)
at org.testng.internal.invokers.ConfigInvoker.invokeConfigurations(ConfigInvoker.java:313)
at org.testng.TestRunner.invokeTestConfigurations(TestRunner.java:657)
at org.testng.TestRunner.beforeRun(TestRunner.java:646)
at org.testng.TestRunner.run(TestRunner.java:612)
at org.testng.SuiteRunner.runTest(SuiteRunner.java:421)
at org.testng.SuiteRunner.runSequentially(SuiteRunner.java:413)
at org.testng.SuiteRunner.privateRun(SuiteRunner.java:373)
at org.testng.SuiteRunner.run(SuiteRunner.java:312)
at org.testng.SuiteRunnerWorker.runSuite(SuiteRunnerWorker.java:52)
at org.testng.SuiteRunnerWorker.run(SuiteRunnerWorker.java:95)
at org.testng.TestNG.runSuitesSequentially(TestNG.java:1274)
at org.testng.TestNG.runSuitesLocally(TestNG.java:1208)
at org.testng.TestNG.runSuites(TestNG.java:1112)
at org.testng.TestNG.run(TestNG.java:1079)
at org.apache.maven.surefire.testng.TestNGExecutor.run(TestNGExecutor.java:155)
at org.apache.maven.surefire.testng.TestNGDirectoryTestSuite.executeMulti(TestNGDirectoryTestSuite.java:169)
at org.apache.maven.surefire.testng.TestNGDirectoryTestSuite.execute(TestNGDirectoryTestSuite.java:88)
at org.apache.maven.surefire.testng.TestNGProvider.invoke(TestNGProvider.java:137)
at org.apache.maven.surefire.booter.ForkedBooter.runSuitesInProcess(ForkedBooter.java:385)
at org.apache.maven.surefire.booter.ForkedBooter.execute(ForkedBooter.java:162)
at org.apache.maven.surefire.booter.ForkedBooter.run(ForkedBooter.java:507)
at org.apache.maven.surefire.booter.ForkedBooter.main(ForkedBooter.java:495)
]]>
            </full-stacktrace>
          </exception> <!-- org.testng.TestNGException -->
          <reporter-output>
          </reporter-output>
        </test-method> <!-- clickOnNoRadioButton -->
      </class> <!-- practice.elementsTests.RadioButtonTest -->
    </test> <!-- Surefire test -->
  </suite> <!-- Surefire suite -->
</testng-results>
