<?xml version="1.0" encoding="UTF-8"?>
<!-- Generated by org.testng.reporters.JUnitReportReporter -->
<testsuite hostname="LAPTOP-N67953PD" failures="0" tests="6" name="practice.widgetsTests.SliderTest" time="0.000" errors="0" timestamp="2025-08-02T15:02:37 IST" skipped="6">
  <testcase classname="practice.widgetsTests.SliderTest" name="clickOnClose" time="0.000">
    <skipped/>
  </testcase> <!-- clickOnClose -->
  <testcase classname="practice.widgetsTests.SliderTest" name="clickOnPractice" time="0.000">
    <skipped/>
  </testcase> <!-- clickOnPractice -->
  <testcase classname="practice.widgetsTests.SliderTest" name="clickOnWidgets" time="0.000">
    <skipped/>
  </testcase> <!-- clickOnWidgets -->
  <testcase classname="practice.widgetsTests.SliderTest" name="clickOnSlider" time="0.000">
    <skipped/>
  </testcase> <!-- clickOnSlider -->
  <testcase classname="practice.widgetsTests.SliderTest" name="slidePointer" time="0.000">
    <skipped/>
  </testcase> <!-- slidePointer -->
  <testcase classname="practice.widgetsTests.SliderTest" name="colorSlide" time="0.000">
    <skipped/>
  </testcase> <!-- colorSlide -->
</testsuite> <!-- practice.widgetsTests.SliderTest -->
