<?xml version="1.0" encoding="UTF-8"?>
<!-- Generated by org.testng.reporters.JUnitReportReporter -->
<testsuite hostname="LAPTOP-N67953PD" failures="0" tests="6" name="practice.elementsTests.LinksTest" time="0.000" errors="0" timestamp="2025-08-05T13:01:50 IST" skipped="6">
  <testcase classname="practice.elementsTests.LinksTest" name="clickOnClose" time="0.000">
    <skipped/>
  </testcase> <!-- clickOnClose -->
  <testcase classname="practice.elementsTests.LinksTest" name="clickOnPractice" time="0.000">
    <skipped/>
  </testcase> <!-- clickOnPractice -->
  <testcase classname="practice.elementsTests.LinksTest" name="clickOnElements" time="0.000">
    <skipped/>
  </testcase> <!-- clickOnElements -->
  <testcase classname="practice.elementsTests.LinksTest" name="clickOnLinksButton" time="0.000">
    <skipped/>
  </testcase> <!-- clickOnLinksButton -->
  <testcase classname="practice.elementsTests.LinksTest" name="clickOnDemoPageLink" time="0.000">
    <skipped/>
  </testcase> <!-- clickOnDemoPageLink -->
  <testcase classname="practice.elementsTests.LinksTest" name="validateOpenTabsTitle" time="0.000">
    <skipped/>
  </testcase> <!-- validateOpenTabsTitle -->
</testsuite> <!-- practice.elementsTests.LinksTest -->
