<?xml version="1.0" encoding="UTF-8"?>
<!-- Generated by org.testng.reporters.JUnitReportReporter -->
<testsuite hostname="LAPTOP-N67953PD" failures="0" tests="10" name="practice.alertsFrameAndWindowsTests.AlertsTest" time="0.000" errors="0" timestamp="2025-08-02T15:02:37 IST" skipped="10">
  <testcase classname="practice.alertsFrameAndWindowsTests.AlertsTest" name="clickOnClose" time="0.000">
    <skipped/>
  </testcase> <!-- clickOnClose -->
  <testcase classname="practice.alertsFrameAndWindowsTests.AlertsTest" name="clickOnPractice" time="0.000">
    <skipped/>
  </testcase> <!-- clickOnPractice -->
  <testcase classname="practice.alertsFrameAndWindowsTests.AlertsTest" name="clickOnAlertsFrameAndWindows" time="0.000">
    <skipped/>
  </testcase> <!-- clickOnAlertsFrameAndWindows -->
  <testcase classname="practice.alertsFrameAndWindowsTests.AlertsTest" name="clickOnAlerts" time="0.000">
    <skipped/>
  </testcase> <!-- clickOnAlerts -->
  <testcase classname="practice.alertsFrameAndWindowsTests.AlertsTest" name="clickOnSeeAlertAndAcceptButton" time="0.000">
    <skipped/>
  </testcase> <!-- clickOnSeeAlertAndAcceptButton -->
  <testcase classname="practice.alertsFrameAndWindowsTests.AlertsTest" name="clickOnWaitAlertAndAcceptButton" time="0.000">
    <skipped/>
  </testcase> <!-- clickOnWaitAlertAndAcceptButton -->
  <testcase classname="practice.alertsFrameAndWindowsTests.AlertsTest" name="clickOnAlertAndAcceptButton" time="0.000">
    <skipped/>
  </testcase> <!-- clickOnAlertAndAcceptButton -->
  <testcase classname="practice.alertsFrameAndWindowsTests.AlertsTest" name="clickOnAlertAndCancelButton" time="0.000">
    <skipped/>
  </testcase> <!-- clickOnAlertAndCancelButton -->
  <testcase classname="practice.alertsFrameAndWindowsTests.AlertsTest" name="clickOnPromptInputAndAccept" time="0.000">
    <skipped/>
  </testcase> <!-- clickOnPromptInputAndAccept -->
  <testcase classname="practice.alertsFrameAndWindowsTests.AlertsTest" name="clickOnPromptAndCancel" time="0.000">
    <skipped/>
  </testcase> <!-- clickOnPromptAndCancel -->
</testsuite> <!-- practice.alertsFrameAndWindowsTests.AlertsTest -->
