<?xml version="1.0" encoding="UTF-8"?>
<!-- Generated by org.testng.reporters.JUnitReportReporter -->
<testsuite hostname="LAPTOP-N67953PD" failures="0" tests="5" name="practice.widgetsTests.MenuTest" time="0.000" errors="0" timestamp="2025-08-02T15:02:37 IST" skipped="5">
  <testcase classname="practice.widgetsTests.MenuTest" name="clickOnClose" time="0.000">
    <skipped/>
  </testcase> <!-- clickOnClose -->
  <testcase classname="practice.widgetsTests.MenuTest" name="clickOnPractice" time="0.000">
    <skipped/>
  </testcase> <!-- clickOnPractice -->
  <testcase classname="practice.widgetsTests.MenuTest" name="clickOnWidgets" time="0.000">
    <skipped/>
  </testcase> <!-- clickOnWidgets -->
  <testcase classname="practice.widgetsTests.MenuTest" name="clickOnMenu" time="0.000">
    <skipped/>
  </testcase> <!-- clickOnMenu -->
  <testcase classname="practice.widgetsTests.MenuTest" name="chooseServicesUITest" time="0.000">
    <skipped/>
  </testcase> <!-- chooseServicesUITest -->
</testsuite> <!-- practice.widgetsTests.MenuTest -->
