<?xml version="1.0" encoding="UTF-8"?>
<!-- Generated by org.testng.reporters.JUnitReportReporter -->
<testsuite hostname="LAPTOP-N67953PD" failures="0" tests="6" name="practice.elementsTests.UploadAndDownloadTest" time="0.000" errors="0" timestamp="2025-08-05T13:01:50 IST" skipped="6">
  <testcase classname="practice.elementsTests.UploadAndDownloadTest" name="clickOnClose" time="0.000">
    <skipped/>
  </testcase> <!-- clickOnClose -->
  <testcase classname="practice.elementsTests.UploadAndDownloadTest" name="clickOnPractice" time="0.000">
    <skipped/>
  </testcase> <!-- clickOnPractice -->
  <testcase classname="practice.elementsTests.UploadAndDownloadTest" name="clickOnElements" time="0.000">
    <skipped/>
  </testcase> <!-- clickOnElements -->
  <testcase classname="practice.elementsTests.UploadAndDownloadTest" name="clickOnUploadAndDownloadButton" time="0.000">
    <skipped/>
  </testcase> <!-- clickOnUploadAndDownloadButton -->
  <testcase classname="practice.elementsTests.UploadAndDownloadTest" name="performUpload" time="0.000">
    <skipped/>
  </testcase> <!-- performUpload -->
  <testcase classname="practice.elementsTests.UploadAndDownloadTest" name="clickOnChooseButton">
    <skipped/>
  </testcase> <!-- clickOnChooseButton -->
</testsuite> <!-- practice.elementsTests.UploadAndDownloadTest -->
